\BOOKMARK [1][-]{section*.1}{Abstract}{}% 1
\BOOKMARK [1][-]{section*.2}{Acknowledgments}{}% 2
\BOOKMARK [0][-]{chapter.1}{Chapter 1. Introduction}{}% 3
\BOOKMARK [1][-]{section.1.1}{1.1. Crystals and type C Stanley Symmetric Functions.}{chapter.1}% 4
\BOOKMARK [0][-]{chapter.2}{Chapter 2. Crystal Analysis of type C Stanley Symmetric Functions }{}% 5
\BOOKMARK [1][-]{section.2.1}{2.1. Introduction}{chapter.2}% 6
\BOOKMARK [1][-]{section.2.2}{2.2. Background}{chapter.2}% 7
\BOOKMARK [1][-]{section.2.3}{2.3. Crystal isomorphism}{chapter.2}% 8
\BOOKMARK [1][-]{section.2.4}{2.4. Explicit crystal operators on shifted primed tableaux}{chapter.2}% 9
\BOOKMARK [1][-]{section.2.5}{2.5. Implementation in Sage}{chapter.2}% 10
\BOOKMARK [1][-]{section.2.6}{2.6. Proof of Theorem 2.24}{chapter.2}% 11
\BOOKMARK [1][-]{section.2.7}{2.7. Proof of Theorem 2.26}{chapter.2}% 12
\BOOKMARK [1][-]{section.2.8}{2.8. Outlook}{chapter.2}% 13
\BOOKMARK [0][-]{chapter.3}{Chapter 3. Cores with distinct parts and bigraded Fibonacci numbers }{}% 14
\BOOKMARK [1][-]{section.3.1}{3.1. Introduction}{chapter.3}% 15
\BOOKMARK [1][-]{section.3.2}{3.2. Background and notation}{chapter.3}% 16
\BOOKMARK [1][-]{section.3.3}{3.3. Simultaneous cores with distinct parts.}{chapter.3}% 17
\BOOKMARK [1][-]{section.3.4}{3.4. Maximum size of \(a,a+1\)-cores with distinct parts.}{chapter.3}% 18
\BOOKMARK [1][-]{section.3.5}{3.5. Number of \(2k-1,2k+1\)-cores with distinct parts.}{chapter.3}% 19
\BOOKMARK [1][-]{section.3.6}{3.6. Graded Fibonacci numbers and \(a,as+1\)-cores with distinct parts.}{chapter.3}% 20
\BOOKMARK [1][-]{section.3.7}{3.7. Bounce statistic and bigraded Fibonacci numbers.}{chapter.3}% 21
\BOOKMARK [0][-]{chapter.4}{Chapter 4. Estimating Graphlet Statistics via Lifting }{}% 22
\BOOKMARK [1][-]{section.4.1}{4.1. Introduction}{chapter.4}% 23
\BOOKMARK [1][-]{section.4.2}{4.2. Sampling graphlets}{chapter.4}% 24
\BOOKMARK [1][-]{section.4.3}{4.3. Subgraph lifting}{chapter.4}% 25
\BOOKMARK [1][-]{section.4.4}{4.4. Theoretical Analysis of Lifting}{chapter.4}% 26
\BOOKMARK [1][-]{section.4.5}{4.5. Experiments}{chapter.4}% 27
\BOOKMARK [1][-]{section.4.6}{4.6. Supplement to "Estimating Graphlets via Lifting"}{chapter.4}% 28
\BOOKMARK [1][-]{section.4.7}{4.7. Conclusion}{chapter.4}% 29
\BOOKMARK [0][-]{appendix.A}{Appendix A. Long Title of Appendix A }{}% 30
\BOOKMARK [0][-]{appendix*.17}{Bibliography}{}% 31
