This is pdfTeX, Version 3.14159265-2.6-1.40.17 (TeX Live 2016) (preloaded format=pdflatex 2016.5.22)  12 MAR 2018 15:45
entering extended mode
 restricted \write18 enabled.
 file:line:error style messages enabled.
 %&-line parsing enabled.
**Dissertation.tex
(./Dissertation.tex
LaTeX2e <2016/03/31>
Babel <3.9r> and hyphenation patterns for 83 language(s) loaded.
(./LayoutPreamble.tex
(/usr/local/texlive/2016/texmf-dist/tex/latex/amscls/amsbook.cls
Document Class: amsbook 2015/03/04 v2.20.2
\linespacing=\dimen102
\normalparindent=\dimen103
\normaltopskip=\skip41
(/usr/local/texlive/2016/texmf-dist/tex/latex/amsmath/amsmath.sty
Package: amsmath 2016/03/10 v2.15b AMS math features
\@mathmargin=\skip42

For additional information on amsmath, use the `?' option.
(/usr/local/texlive/2016/texmf-dist/tex/latex/amsmath/amstext.sty
Package: amstext 2000/06/29 v2.01 AMS text

(/usr/local/texlive/2016/texmf-dist/tex/latex/amsmath/amsgen.sty
File: amsgen.sty 1999/11/30 v2.0 generic functions
\@emptytoks=\toks14
\ex@=\dimen104
))
(/usr/local/texlive/2016/texmf-dist/tex/latex/amsmath/amsbsy.sty
Package: amsbsy 1999/11/29 v1.2d Bold Symbols
\pmbraise@=\dimen105
)
(/usr/local/texlive/2016/texmf-dist/tex/latex/amsmath/amsopn.sty
Package: amsopn 2016/03/08 v2.02 operator names
)
\inf@bad=\count79
LaTeX Info: Redefining \frac on input line 199.
\uproot@=\count80
\leftroot@=\count81
LaTeX Info: Redefining \overline on input line 297.
\classnum@=\count82
\DOTSCASE@=\count83
LaTeX Info: Redefining \ldots on input line 394.
LaTeX Info: Redefining \dots on input line 397.
LaTeX Info: Redefining \cdots on input line 518.
\Mathstrutbox@=\box26
\strutbox@=\box27
\big@size=\dimen106
LaTeX Font Info:    Redeclaring font encoding OML on input line 634.
LaTeX Font Info:    Redeclaring font encoding OMS on input line 635.
\macc@depth=\count84
\c@MaxMatrixCols=\count85
\dotsspace@=\muskip10
\c@parentequation=\count86
\dspbrk@lvl=\count87
\tag@help=\toks15
\row@=\count88
\column@=\count89
\maxfields@=\count90
\andhelp@=\toks16
\eqnshift@=\dimen107
\alignsep@=\dimen108
\tagshift@=\dimen109
\tagwidth@=\dimen110
\totwidth@=\dimen111
\lineht@=\dimen112
\@envbody=\toks17
\multlinegap=\skip43
\multlinetaggap=\skip44
\mathdisplay@stack=\toks18
LaTeX Info: Redefining \[ on input line 2739.
LaTeX Info: Redefining \] on input line 2740.
)
LaTeX Font Info:    Try loading font information for U+msa on input line 367.

(/usr/local/texlive/2016/texmf-dist/tex/latex/amsfonts/umsa.fd
File: umsa.fd 2013/01/14 v3.01 AMS symbols A
)
(/usr/local/texlive/2016/texmf-dist/tex/latex/amsfonts/amsfonts.sty
Package: amsfonts 2013/01/14 v3.01 Basic AMSFonts support
\symAMSa=\mathgroup4
\symAMSb=\mathgroup5
LaTeX Font Info:    Overwriting math alphabet `\mathfrak' in version `bold'
(Font)                  U/euf/m/n --> U/euf/b/n on input line 106.
)
\copyins=\insert199
\abstractbox=\box28
\listisep=\skip45
\c@part=\count91
\c@chapter=\count92
\c@section=\count93
\c@subsection=\count94
\c@subsubsection=\count95
\c@paragraph=\count96
\c@subparagraph=\count97
\c@figure=\count98
\c@table=\count99
\abovecaptionskip=\skip46
\belowcaptionskip=\skip47
\captionindent=\dimen113
\thm@style=\toks19
\thm@bodyfont=\toks20
\thm@headfont=\toks21
\thm@notefont=\toks22
\thm@headpunct=\toks23
\thm@preskip=\skip48
\thm@postskip=\skip49
\thm@headsep=\skip50
\dth@everypar=\toks24
)
(/usr/local/texlive/2016/texmf-dist/tex/latex/geometry/geometry.sty
Package: geometry 2010/09/12 v5.6 Page Geometry

(/usr/local/texlive/2016/texmf-dist/tex/latex/graphics/keyval.sty
Package: keyval 2014/10/28 v1.15 key=value parser (DPC)
\KV@toks@=\toks25
)
(/usr/local/texlive/2016/texmf-dist/tex/generic/oberdiek/ifpdf.sty
Package: ifpdf 2016/05/14 v3.1 Provides the ifpdf switch
)
(/usr/local/texlive/2016/texmf-dist/tex/generic/oberdiek/ifvtex.sty
Package: ifvtex 2016/05/16 v1.6 Detect VTeX and its facilities (HO)
Package ifvtex Info: VTeX not detected.
)
(/usr/local/texlive/2016/texmf-dist/tex/generic/ifxetex/ifxetex.sty
Package: ifxetex 2010/09/12 v0.6 Provides ifxetex conditional
)
\Gm@cnth=\count100
\Gm@cntv=\count101
\c@Gm@tempcnt=\count102
\Gm@bindingoffset=\dimen114
\Gm@wd@mp=\dimen115
\Gm@odd@mp=\dimen116
\Gm@even@mp=\dimen117
\Gm@layoutwidth=\dimen118
\Gm@layoutheight=\dimen119
\Gm@layouthoffset=\dimen120
\Gm@layoutvoffset=\dimen121
\Gm@dimlist=\toks26
)
(/usr/local/texlive/2016/texmf-dist/tex/latex/fancyhdr/fancyhdr.sty
\fancy@headwidth=\skip51
\f@ncyO@elh=\skip52
\f@ncyO@erh=\skip53
\f@ncyO@olh=\skip54
\f@ncyO@orh=\skip55
\f@ncyO@elf=\skip56
\f@ncyO@erf=\skip57
\f@ncyO@olf=\skip58
\f@ncyO@orf=\skip59
)
(/usr/local/texlive/2016/texmf-dist/tex/latex/setspace/setspace.sty
Package: setspace 2011/12/19 v6.7a set line spacing
)
(/usr/local/texlive/2016/texmf-dist/tex/latex/tools/calc.sty
Package: calc 2014/10/28 v4.3 Infix arithmetic (KKT,FJ)
\calc@Acount=\count103
\calc@Bcount=\count104
\calc@Adimen=\dimen122
\calc@Bdimen=\dimen123
\calc@Askip=\skip60
\calc@Bskip=\skip61
LaTeX Info: Redefining \setlength on input line 80.
LaTeX Info: Redefining \addtolength on input line 81.
\calc@Ccount=\count105
\calc@Cskip=\skip62
)
(/usr/local/texlive/2016/texmf-dist/tex/latex/cite/cite.sty
LaTeX Info: Redefining \cite on input line 302.
LaTeX Info: Redefining \nocite on input line 332.
Package: cite 2015/02/27  v 5.5
)
(/usr/local/texlive/2016/texmf-dist/tex/latex/hyperref/hyperref.sty
Package: hyperref 2016/05/05 v6.83n Hypertext links for LaTeX

(/usr/local/texlive/2016/texmf-dist/tex/generic/oberdiek/hobsub-hyperref.sty
Package: hobsub-hyperref 2016/05/16 v1.14 Bundle oberdiek, subset hyperref (HO)


(/usr/local/texlive/2016/texmf-dist/tex/generic/oberdiek/hobsub-generic.sty
Package: hobsub-generic 2016/05/16 v1.14 Bundle oberdiek, subset generic (HO)
Package: hobsub 2016/05/16 v1.14 Construct package bundles (HO)
Package: infwarerr 2016/05/16 v1.4 Providing info/warning/error messages (HO)
Package: ltxcmds 2016/05/16 v1.23 LaTeX kernel commands for general use (HO)
Package: ifluatex 2016/05/16 v1.4 Provides the ifluatex switch (HO)
Package ifluatex Info: LuaTeX not detected.
Package hobsub Info: Skipping package `ifvtex' (already loaded).
Package: intcalc 2016/05/16 v1.2 Expandable calculations with integers (HO)
Package hobsub Info: Skipping package `ifpdf' (already loaded).
Package: etexcmds 2016/05/16 v1.6 Avoid name clashes with e-TeX commands (HO)
Package etexcmds Info: Could not find \expanded.
(etexcmds)             That can mean that you are not using pdfTeX 1.50 or
(etexcmds)             that some package has redefined \expanded.
(etexcmds)             In the latter case, load this package earlier.
Package: kvsetkeys 2016/05/16 v1.17 Key value parser (HO)
Package: kvdefinekeys 2016/05/16 v1.4 Define keys (HO)
Package: pdftexcmds 2016/05/10 v0.21 Utility functions of pdfTeX for LuaTeX (HO
)
Package pdftexcmds Info: LuaTeX not detected.
Package pdftexcmds Info: \pdf@primitive is available.
Package pdftexcmds Info: \pdf@ifprimitive is available.
Package pdftexcmds Info: \pdfdraftmode found.
Package: pdfescape 2016/05/16 v1.14 Implements pdfTeX's escape features (HO)
Package: bigintcalc 2016/05/16 v1.4 Expandable calculations on big integers (HO
)
Package: bitset 2016/05/16 v1.2 Handle bit-vector datatype (HO)
Package: uniquecounter 2016/05/16 v1.3 Provide unlimited unique counter (HO)
)
Package hobsub Info: Skipping package `hobsub' (already loaded).
Package: letltxmacro 2016/05/16 v1.5 Let assignment for LaTeX macros (HO)
Package: hopatch 2016/05/16 v1.3 Wrapper for package hooks (HO)
Package: xcolor-patch 2016/05/16 xcolor patch
Package: atveryend 2016/05/16 v1.9 Hooks at the very end of document (HO)
Package atveryend Info: \enddocument detected (standard20110627).
Package: atbegshi 2016/05/16 v1.17 At begin shipout hook (HO)
Package: refcount 2016/05/16 v3.5 Data extraction from label references (HO)
Package: hycolor 2016/05/16 v1.8 Color options for hyperref/bookmark (HO)
)
(/usr/local/texlive/2016/texmf-dist/tex/latex/oberdiek/auxhook.sty
Package: auxhook 2016/05/16 v1.4 Hooks for auxiliary files (HO)
)
(/usr/local/texlive/2016/texmf-dist/tex/latex/oberdiek/kvoptions.sty
Package: kvoptions 2016/05/16 v3.12 Key value format for package options (HO)
)
\@linkdim=\dimen124
\Hy@linkcounter=\count106
\Hy@pagecounter=\count107

(/usr/local/texlive/2016/texmf-dist/tex/latex/hyperref/pd1enc.def
File: pd1enc.def 2016/05/05 v6.83n Hyperref: PDFDocEncoding definition (HO)
)
\Hy@SavedSpaceFactor=\count108

(/usr/local/texlive/2016/texmf-dist/tex/latex/latexconfig/hyperref.cfg
File: hyperref.cfg 2002/06/06 v1.2 hyperref configuration of TeXLive
)
Package hyperref Info: Hyper figures OFF on input line 4446.
Package hyperref Info: Link nesting OFF on input line 4451.
Package hyperref Info: Hyper index ON on input line 4454.
Package hyperref Info: Plain pages OFF on input line 4461.
Package hyperref Info: Backreferencing OFF on input line 4466.
Package hyperref Info: Implicit mode ON; LaTeX internals redefined.
Package hyperref Info: Bookmarks ON on input line 4691.
\c@Hy@tempcnt=\count109

(/usr/local/texlive/2016/texmf-dist/tex/latex/url/url.sty
\Urlmuskip=\muskip11
Package: url 2013/09/16  ver 3.4  Verb mode for urls, etc.
)
LaTeX Info: Redefining \url on input line 5044.
\XeTeXLinkMargin=\dimen125
\Fld@menulength=\count110
\Field@Width=\dimen126
\Fld@charsize=\dimen127
Package hyperref Info: Hyper figures OFF on input line 6298.
Package hyperref Info: Link nesting OFF on input line 6303.
Package hyperref Info: Hyper index ON on input line 6306.
Package hyperref Info: backreferencing OFF on input line 6313.
Package hyperref Info: Link coloring OFF on input line 6318.
Package hyperref Info: Link coloring with OCG OFF on input line 6323.
Package hyperref Info: PDF/A mode OFF on input line 6328.
LaTeX Info: Redefining \ref on input line 6368.
LaTeX Info: Redefining \pageref on input line 6372.
\Hy@abspage=\count111
\c@Item=\count112
\c@Hfootnote=\count113
)

Package hyperref Message: Driver (autodetected): hpdftex.

(/usr/local/texlive/2016/texmf-dist/tex/latex/hyperref/hpdftex.def
File: hpdftex.def 2016/05/05 v6.83n Hyperref driver for pdfTeX
\Fld@listcount=\count114
\c@bookmark@seq@number=\count115

(/usr/local/texlive/2016/texmf-dist/tex/latex/oberdiek/rerunfilecheck.sty
Package: rerunfilecheck 2016/05/16 v1.8 Rerun checks for auxiliary files (HO)
Package uniquecounter Info: New unique counter `rerunfilecheck' on input line 2
82.
)
\Hy@SectionHShift=\skip63
))
(./MacrosPreamble.tex
(/usr/local/texlive/2016/texmf-dist/tex/latex/listings/listings.sty
\lst@mode=\count116
\lst@gtempboxa=\box29
\lst@token=\toks27
\lst@length=\count117
\lst@currlwidth=\dimen128
\lst@column=\count118
\lst@pos=\count119
\lst@lostspace=\dimen129
\lst@width=\dimen130
\lst@newlines=\count120
\lst@lineno=\count121
\lst@maxwidth=\dimen131

(/usr/local/texlive/2016/texmf-dist/tex/latex/listings/lstmisc.sty
File: lstmisc.sty 2015/06/04 1.6 (Carsten Heinz)
\c@lstnumber=\count122
\lst@skipnumbers=\count123
\lst@framebox=\box30
)
(/usr/local/texlive/2016/texmf-dist/tex/latex/listings/listings.cfg
File: listings.cfg 2015/06/04 1.6 listings configuration
))
Package: listings 2015/06/04 1.6 (Carsten Heinz)

(/usr/local/texlive/2016/texmf-dist/tex/latex/graphics/color.sty
Package: color 2016/05/09 v1.1c Standard LaTeX Color (DPC)

(/usr/local/texlive/2016/texmf-dist/tex/latex/graphics-cfg/color.cfg
File: color.cfg 2016/01/02 v1.6 sample color configuration
)
Package color Info: Driver file: pdftex.def on input line 144.

(/usr/local/texlive/2016/texmf-dist/tex/latex/pdftex-def/pdftex.def
File: pdftex.def 2011/05/27 v0.06d Graphics/color for pdfTeX
\Gread@gobject=\count124
))
(/usr/local/texlive/2016/texmf-dist/tex/latex/base/inputenc.sty
Package: inputenc 2015/03/17 v1.2c Input encoding file
\inpenc@prehook=\toks28
\inpenc@posthook=\toks29

(/usr/local/texlive/2016/texmf-dist/tex/latex/base/utf8.def
File: utf8.def 2016/02/28 v1.1s UTF-8 support for inputenc
Now handling font encoding OML ...
... no UTF-8 mapping file for font encoding OML
Now handling font encoding T1 ...
... processing UTF-8 mapping file for font encoding T1

(/usr/local/texlive/2016/texmf-dist/tex/latex/base/t1enc.dfu
File: t1enc.dfu 2016/02/28 v1.1s UTF-8 support for inputenc
   defining Unicode char U+00A0 (decimal 160)
   defining Unicode char U+00A1 (decimal 161)
   defining Unicode char U+00A3 (decimal 163)
   defining Unicode char U+00AB (decimal 171)
   defining Unicode char U+00AD (decimal 173)
   defining Unicode char U+00BB (decimal 187)
   defining Unicode char U+00BF (decimal 191)
   defining Unicode char U+00C0 (decimal 192)
   defining Unicode char U+00C1 (decimal 193)
   defining Unicode char U+00C2 (decimal 194)
   defining Unicode char U+00C3 (decimal 195)
   defining Unicode char U+00C4 (decimal 196)
   defining Unicode char U+00C5 (decimal 197)
   defining Unicode char U+00C6 (decimal 198)
   defining Unicode char U+00C7 (decimal 199)
   defining Unicode char U+00C8 (decimal 200)
   defining Unicode char U+00C9 (decimal 201)
   defining Unicode char U+00CA (decimal 202)
   defining Unicode char U+00CB (decimal 203)
   defining Unicode char U+00CC (decimal 204)
   defining Unicode char U+00CD (decimal 205)
   defining Unicode char U+00CE (decimal 206)
   defining Unicode char U+00CF (decimal 207)
   defining Unicode char U+00D0 (decimal 208)
   defining Unicode char U+00D1 (decimal 209)
   defining Unicode char U+00D2 (decimal 210)
   defining Unicode char U+00D3 (decimal 211)
   defining Unicode char U+00D4 (decimal 212)
   defining Unicode char U+00D5 (decimal 213)
   defining Unicode char U+00D6 (decimal 214)
   defining Unicode char U+00D8 (decimal 216)
   defining Unicode char U+00D9 (decimal 217)
   defining Unicode char U+00DA (decimal 218)
   defining Unicode char U+00DB (decimal 219)
   defining Unicode char U+00DC (decimal 220)
   defining Unicode char U+00DD (decimal 221)
   defining Unicode char U+00DE (decimal 222)
   defining Unicode char U+00DF (decimal 223)
   defining Unicode char U+00E0 (decimal 224)
   defining Unicode char U+00E1 (decimal 225)
   defining Unicode char U+00E2 (decimal 226)
   defining Unicode char U+00E3 (decimal 227)
   defining Unicode char U+00E4 (decimal 228)
   defining Unicode char U+00E5 (decimal 229)
   defining Unicode char U+00E6 (decimal 230)
   defining Unicode char U+00E7 (decimal 231)
   defining Unicode char U+00E8 (decimal 232)
   defining Unicode char U+00E9 (decimal 233)
   defining Unicode char U+00EA (decimal 234)
   defining Unicode char U+00EB (decimal 235)
   defining Unicode char U+00EC (decimal 236)
   defining Unicode char U+00ED (decimal 237)
   defining Unicode char U+00EE (decimal 238)
   defining Unicode char U+00EF (decimal 239)
   defining Unicode char U+00F0 (decimal 240)
   defining Unicode char U+00F1 (decimal 241)
   defining Unicode char U+00F2 (decimal 242)
   defining Unicode char U+00F3 (decimal 243)
   defining Unicode char U+00F4 (decimal 244)
   defining Unicode char U+00F5 (decimal 245)
   defining Unicode char U+00F6 (decimal 246)
   defining Unicode char U+00F8 (decimal 248)
   defining Unicode char U+00F9 (decimal 249)
   defining Unicode char U+00FA (decimal 250)
   defining Unicode char U+00FB (decimal 251)
   defining Unicode char U+00FC (decimal 252)
   defining Unicode char U+00FD (decimal 253)
   defining Unicode char U+00FE (decimal 254)
   defining Unicode char U+00FF (decimal 255)
   defining Unicode char U+0100 (decimal 256)
   defining Unicode char U+0101 (decimal 257)
   defining Unicode char U+0102 (decimal 258)
   defining Unicode char U+0103 (decimal 259)
   defining Unicode char U+0104 (decimal 260)
   defining Unicode char U+0105 (decimal 261)
   defining Unicode char U+0106 (decimal 262)
   defining Unicode char U+0107 (decimal 263)
   defining Unicode char U+0108 (decimal 264)
   defining Unicode char U+0109 (decimal 265)
   defining Unicode char U+010A (decimal 266)
   defining Unicode char U+010B (decimal 267)
   defining Unicode char U+010C (decimal 268)
   defining Unicode char U+010D (decimal 269)
   defining Unicode char U+010E (decimal 270)
   defining Unicode char U+010F (decimal 271)
   defining Unicode char U+0110 (decimal 272)
   defining Unicode char U+0111 (decimal 273)
   defining Unicode char U+0112 (decimal 274)
   defining Unicode char U+0113 (decimal 275)
   defining Unicode char U+0114 (decimal 276)
   defining Unicode char U+0115 (decimal 277)
   defining Unicode char U+0116 (decimal 278)
   defining Unicode char U+0117 (decimal 279)
   defining Unicode char U+0118 (decimal 280)
   defining Unicode char U+0119 (decimal 281)
   defining Unicode char U+011A (decimal 282)
   defining Unicode char U+011B (decimal 283)
   defining Unicode char U+011C (decimal 284)
   defining Unicode char U+011D (decimal 285)
   defining Unicode char U+011E (decimal 286)
   defining Unicode char U+011F (decimal 287)
   defining Unicode char U+0120 (decimal 288)
   defining Unicode char U+0121 (decimal 289)
   defining Unicode char U+0122 (decimal 290)
   defining Unicode char U+0123 (decimal 291)
   defining Unicode char U+0124 (decimal 292)
   defining Unicode char U+0125 (decimal 293)
   defining Unicode char U+0128 (decimal 296)
   defining Unicode char U+0129 (decimal 297)
   defining Unicode char U+012A (decimal 298)
   defining Unicode char U+012B (decimal 299)
   defining Unicode char U+012C (decimal 300)
   defining Unicode char U+012D (decimal 301)
   defining Unicode char U+012E (decimal 302)
   defining Unicode char U+012F (decimal 303)
   defining Unicode char U+0130 (decimal 304)
   defining Unicode char U+0131 (decimal 305)
   defining Unicode char U+0132 (decimal 306)
   defining Unicode char U+0133 (decimal 307)
   defining Unicode char U+0134 (decimal 308)
   defining Unicode char U+0135 (decimal 309)
   defining Unicode char U+0136 (decimal 310)
   defining Unicode char U+0137 (decimal 311)
   defining Unicode char U+0139 (decimal 313)
   defining Unicode char U+013A (decimal 314)
   defining Unicode char U+013B (decimal 315)
   defining Unicode char U+013C (decimal 316)
   defining Unicode char U+013D (decimal 317)
   defining Unicode char U+013E (decimal 318)
   defining Unicode char U+0141 (decimal 321)
   defining Unicode char U+0142 (decimal 322)
   defining Unicode char U+0143 (decimal 323)
   defining Unicode char U+0144 (decimal 324)
   defining Unicode char U+0145 (decimal 325)
   defining Unicode char U+0146 (decimal 326)
   defining Unicode char U+0147 (decimal 327)
   defining Unicode char U+0148 (decimal 328)
   defining Unicode char U+014A (decimal 330)
   defining Unicode char U+014B (decimal 331)
   defining Unicode char U+014C (decimal 332)
   defining Unicode char U+014D (decimal 333)
   defining Unicode char U+014E (decimal 334)
   defining Unicode char U+014F (decimal 335)
   defining Unicode char U+0150 (decimal 336)
   defining Unicode char U+0151 (decimal 337)
   defining Unicode char U+0152 (decimal 338)
   defining Unicode char U+0153 (decimal 339)
   defining Unicode char U+0154 (decimal 340)
   defining Unicode char U+0155 (decimal 341)
   defining Unicode char U+0156 (decimal 342)
   defining Unicode char U+0157 (decimal 343)
   defining Unicode char U+0158 (decimal 344)
   defining Unicode char U+0159 (decimal 345)
   defining Unicode char U+015A (decimal 346)
   defining Unicode char U+015B (decimal 347)
   defining Unicode char U+015C (decimal 348)
   defining Unicode char U+015D (decimal 349)
   defining Unicode char U+015E (decimal 350)
   defining Unicode char U+015F (decimal 351)
   defining Unicode char U+0160 (decimal 352)
   defining Unicode char U+0161 (decimal 353)
   defining Unicode char U+0162 (decimal 354)
   defining Unicode char U+0163 (decimal 355)
   defining Unicode char U+0164 (decimal 356)
   defining Unicode char U+0165 (decimal 357)
   defining Unicode char U+0168 (decimal 360)
   defining Unicode char U+0169 (decimal 361)
   defining Unicode char U+016A (decimal 362)
   defining Unicode char U+016B (decimal 363)
   defining Unicode char U+016C (decimal 364)
   defining Unicode char U+016D (decimal 365)
   defining Unicode char U+016E (decimal 366)
   defining Unicode char U+016F (decimal 367)
   defining Unicode char U+0170 (decimal 368)
   defining Unicode char U+0171 (decimal 369)
   defining Unicode char U+0172 (decimal 370)
   defining Unicode char U+0173 (decimal 371)
   defining Unicode char U+0174 (decimal 372)
   defining Unicode char U+0175 (decimal 373)
   defining Unicode char U+0176 (decimal 374)
   defining Unicode char U+0177 (decimal 375)
   defining Unicode char U+0178 (decimal 376)
   defining Unicode char U+0179 (decimal 377)
   defining Unicode char U+017A (decimal 378)
   defining Unicode char U+017B (decimal 379)
   defining Unicode char U+017C (decimal 380)
   defining Unicode char U+017D (decimal 381)
   defining Unicode char U+017E (decimal 382)
   defining Unicode char U+01CD (decimal 461)
   defining Unicode char U+01CE (decimal 462)
   defining Unicode char U+01CF (decimal 463)
   defining Unicode char U+01D0 (decimal 464)
   defining Unicode char U+01D1 (decimal 465)
   defining Unicode char U+01D2 (decimal 466)
   defining Unicode char U+01D3 (decimal 467)
   defining Unicode char U+01D4 (decimal 468)
   defining Unicode char U+01E2 (decimal 482)
   defining Unicode char U+01E3 (decimal 483)
   defining Unicode char U+01E6 (decimal 486)
   defining Unicode char U+01E7 (decimal 487)
   defining Unicode char U+01E8 (decimal 488)
   defining Unicode char U+01E9 (decimal 489)
   defining Unicode char U+01EA (decimal 490)
   defining Unicode char U+01EB (decimal 491)
   defining Unicode char U+01F0 (decimal 496)
   defining Unicode char U+01F4 (decimal 500)
   defining Unicode char U+01F5 (decimal 501)
   defining Unicode char U+0218 (decimal 536)
   defining Unicode char U+0219 (decimal 537)
   defining Unicode char U+021A (decimal 538)
   defining Unicode char U+021B (decimal 539)
   defining Unicode char U+1E02 (decimal 7682)
   defining Unicode char U+1E03 (decimal 7683)
   defining Unicode char U+200C (decimal 8204)
   defining Unicode char U+2010 (decimal 8208)
   defining Unicode char U+2011 (decimal 8209)
   defining Unicode char U+2012 (decimal 8210)
   defining Unicode char U+2013 (decimal 8211)
   defining Unicode char U+2014 (decimal 8212)
   defining Unicode char U+2015 (decimal 8213)
   defining Unicode char U+2018 (decimal 8216)
   defining Unicode char U+2019 (decimal 8217)
   defining Unicode char U+201A (decimal 8218)
   defining Unicode char U+201C (decimal 8220)
   defining Unicode char U+201D (decimal 8221)
   defining Unicode char U+201E (decimal 8222)
   defining Unicode char U+2030 (decimal 8240)
   defining Unicode char U+2031 (decimal 8241)
   defining Unicode char U+2039 (decimal 8249)
   defining Unicode char U+203A (decimal 8250)
   defining Unicode char U+2423 (decimal 9251)
)
Now handling font encoding OT1 ...
... processing UTF-8 mapping file for font encoding OT1

(/usr/local/texlive/2016/texmf-dist/tex/latex/base/ot1enc.dfu
File: ot1enc.dfu 2016/02/28 v1.1s UTF-8 support for inputenc
   defining Unicode char U+00A0 (decimal 160)
   defining Unicode char U+00A1 (decimal 161)
   defining Unicode char U+00A3 (decimal 163)
   defining Unicode char U+00AD (decimal 173)
   defining Unicode char U+00B8 (decimal 184)
   defining Unicode char U+00BF (decimal 191)
   defining Unicode char U+00C5 (decimal 197)
   defining Unicode char U+00C6 (decimal 198)
   defining Unicode char U+00D8 (decimal 216)
   defining Unicode char U+00DF (decimal 223)
   defining Unicode char U+00E6 (decimal 230)
   defining Unicode char U+00EC (decimal 236)
   defining Unicode char U+00ED (decimal 237)
   defining Unicode char U+00EE (decimal 238)
   defining Unicode char U+00EF (decimal 239)
   defining Unicode char U+00F8 (decimal 248)
   defining Unicode char U+0131 (decimal 305)
   defining Unicode char U+0141 (decimal 321)
   defining Unicode char U+0142 (decimal 322)
   defining Unicode char U+0152 (decimal 338)
   defining Unicode char U+0153 (decimal 339)
   defining Unicode char U+0174 (decimal 372)
   defining Unicode char U+0175 (decimal 373)
   defining Unicode char U+0176 (decimal 374)
   defining Unicode char U+0177 (decimal 375)
   defining Unicode char U+0218 (decimal 536)
   defining Unicode char U+0219 (decimal 537)
   defining Unicode char U+021A (decimal 538)
   defining Unicode char U+021B (decimal 539)
   defining Unicode char U+2013 (decimal 8211)
   defining Unicode char U+2014 (decimal 8212)
   defining Unicode char U+2018 (decimal 8216)
   defining Unicode char U+2019 (decimal 8217)
   defining Unicode char U+201C (decimal 8220)
   defining Unicode char U+201D (decimal 8221)
)
Now handling font encoding OMS ...
... processing UTF-8 mapping file for font encoding OMS

(/usr/local/texlive/2016/texmf-dist/tex/latex/base/omsenc.dfu
File: omsenc.dfu 2016/02/28 v1.1s UTF-8 support for inputenc
   defining Unicode char U+00A7 (decimal 167)
   defining Unicode char U+00B6 (decimal 182)
   defining Unicode char U+00B7 (decimal 183)
   defining Unicode char U+2020 (decimal 8224)
   defining Unicode char U+2021 (decimal 8225)
   defining Unicode char U+2022 (decimal 8226)
)
Now handling font encoding OMX ...
... no UTF-8 mapping file for font encoding OMX
Now handling font encoding U ...
... no UTF-8 mapping file for font encoding U
Now handling font encoding PD1 ...
... no UTF-8 mapping file for font encoding PD1
   defining Unicode char U+00A9 (decimal 169)
   defining Unicode char U+00AA (decimal 170)
   defining Unicode char U+00AE (decimal 174)
   defining Unicode char U+00BA (decimal 186)
   defining Unicode char U+02C6 (decimal 710)
   defining Unicode char U+02DC (decimal 732)
   defining Unicode char U+200C (decimal 8204)
   defining Unicode char U+2026 (decimal 8230)
   defining Unicode char U+2122 (decimal 8482)
   defining Unicode char U+2423 (decimal 9251)
))
(/usr/local/texlive/2016/texmf-dist/tex/latex/listings/lstlang1.sty
File: lstlang1.sty 2015/06/04 1.6 listings language file
)
(/usr/local/texlive/2016/texmf-dist/tex/latex/graphics/graphics.sty
Package: graphics 2016/05/09 v1.0r Standard LaTeX Graphics (DPC,SPQR)

(/usr/local/texlive/2016/texmf-dist/tex/latex/graphics/trig.sty
Package: trig 2016/01/03 v1.10 sin cos tan (DPC)
)
(/usr/local/texlive/2016/texmf-dist/tex/latex/graphics-cfg/graphics.cfg
File: graphics.cfg 2016/01/02 v1.10 sample graphics configuration
)
Package graphics Info: Driver file: pdftex.def on input line 96.
)
(/usr/local/texlive/2016/texmf-dist/tex/latex/graphics/graphicx.sty
Package: graphicx 2014/10/28 v1.0g Enhanced LaTeX Graphics (DPC,SPQR)
\Gin@req@height=\dimen132
\Gin@req@width=\dimen133
)
(/usr/local/texlive/2016/texmf-dist/tex/latex/xcolor/xcolor.sty
Package: xcolor 2016/05/11 v2.12 LaTeX color extensions (UK)

(/usr/local/texlive/2016/texmf-dist/tex/latex/graphics-cfg/color.cfg
File: color.cfg 2016/01/02 v1.6 sample color configuration
)
Package xcolor Info: Driver file: pdftex.def on input line 225.
LaTeX Info: Redefining \color on input line 709.
Package xcolor Info: Model `cmy' substituted by `cmy0' on input line 1348.
Package xcolor Info: Model `hsb' substituted by `rgb' on input line 1352.
Package xcolor Info: Model `RGB' extended on input line 1364.
Package xcolor Info: Model `HTML' substituted by `rgb' on input line 1366.
Package xcolor Info: Model `Hsb' substituted by `hsb' on input line 1367.
Package xcolor Info: Model `tHsb' substituted by `hsb' on input line 1368.
Package xcolor Info: Model `HSB' substituted by `hsb' on input line 1369.
Package xcolor Info: Model `Gray' substituted by `gray' on input line 1370.
Package xcolor Info: Model `wave' substituted by `hsb' on input line 1371.
)
Package hyperref Info: Option `colorlinks' set `true' on input line 40.

(/usr/local/texlive/2016/texmf-dist/tex/latex/caption/caption.sty
Package: caption 2016/02/21 v3.3-144 Customizing captions (AR)

(/usr/local/texlive/2016/texmf-dist/tex/latex/caption/caption3.sty
Package: caption3 2016/02/04 v1.7-139 caption3 kernel (AR)
Package caption3 Info: TeX engine: e-TeX on input line 67.
\captionmargin=\dimen134
\captionmargin@=\dimen135
\captionwidth=\dimen136
\caption@tempdima=\dimen137
\caption@indent=\dimen138
\caption@parindent=\dimen139
\caption@hangindent=\dimen140
)
Package caption Info: AMS or SMF document class.
\c@ContinuedFloat=\count125
Package caption Info: hyperref package is loaded.
Package caption Info: listings package is loaded.
)
(/usr/local/texlive/2016/texmf-dist/tex/latex/caption/subcaption.sty
Package: subcaption 2016/02/20 v1.1-142 Sub-captions (AR)
\c@subfigure=\count126
\c@subtable=\count127
)
(/usr/local/texlive/2016/texmf-dist/tex/latex/amsmath/amsxtra.sty
Package: amsxtra 1999/11/15 v1.2c AMS extra commands
LaTeX Info: Redefining \nobreakspace on input line 54.
)
(/usr/local/texlive/2016/texmf-dist/tex/latex/amsfonts/amssymb.sty
Package: amssymb 2013/01/14 v3.01 AMS font symbols
)
(/usr/local/texlive/2016/texmf-dist/tex/latex/pgf/frontendlayer/tikz.sty
(/usr/local/texlive/2016/texmf-dist/tex/latex/pgf/basiclayer/pgf.sty
(/usr/local/texlive/2016/texmf-dist/tex/latex/pgf/utilities/pgfrcs.sty
(/usr/local/texlive/2016/texmf-dist/tex/generic/pgf/utilities/pgfutil-common.te
x
\pgfutil@everybye=\toks30
\pgfutil@tempdima=\dimen141
\pgfutil@tempdimb=\dimen142

(/usr/local/texlive/2016/texmf-dist/tex/generic/pgf/utilities/pgfutil-common-li
sts.tex))
(/usr/local/texlive/2016/texmf-dist/tex/generic/pgf/utilities/pgfutil-latex.def
\pgfutil@abb=\box31
(/usr/local/texlive/2016/texmf-dist/tex/latex/ms/everyshi.sty
Package: everyshi 2001/05/15 v3.00 EveryShipout Package (MS)
))
(/usr/local/texlive/2016/texmf-dist/tex/generic/pgf/utilities/pgfrcs.code.tex
Package: pgfrcs 2015/08/07 v3.0.1a (rcs-revision 1.31)
))
Package: pgf 2015/08/07 v3.0.1a (rcs-revision 1.15)
(/usr/local/texlive/2016/texmf-dist/tex/latex/pgf/basiclayer/pgfcore.sty
(/usr/local/texlive/2016/texmf-dist/tex/latex/pgf/systemlayer/pgfsys.sty
(/usr/local/texlive/2016/texmf-dist/tex/generic/pgf/systemlayer/pgfsys.code.tex
Package: pgfsys 2014/07/09 v3.0.1a (rcs-revision 1.48)
(/usr/local/texlive/2016/texmf-dist/tex/generic/pgf/utilities/pgfkeys.code.tex
\pgfkeys@pathtoks=\toks31
\pgfkeys@temptoks=\toks32

(/usr/local/texlive/2016/texmf-dist/tex/generic/pgf/utilities/pgfkeysfiltered.c
ode.tex
\pgfkeys@tmptoks=\toks33
))
\pgf@x=\dimen143
\pgf@y=\dimen144
\pgf@xa=\dimen145
\pgf@ya=\dimen146
\pgf@xb=\dimen147
\pgf@yb=\dimen148
\pgf@xc=\dimen149
\pgf@yc=\dimen150
\w@pgf@writea=\write3
\r@pgf@reada=\read1
\c@pgf@counta=\count128
\c@pgf@countb=\count129
\c@pgf@countc=\count130
\c@pgf@countd=\count131
\t@pgf@toka=\toks34
\t@pgf@tokb=\toks35
\t@pgf@tokc=\toks36

(/usr/local/texlive/2016/texmf-dist/tex/generic/pgf/systemlayer/pgf.cfg
File: pgf.cfg 2008/05/14  (rcs-revision 1.7)
)
Driver file for pgf: pgfsys-pdftex.def

(/usr/local/texlive/2016/texmf-dist/tex/generic/pgf/systemlayer/pgfsys-pdftex.d
ef
File: pgfsys-pdftex.def 2014/10/11  (rcs-revision 1.35)

(/usr/local/texlive/2016/texmf-dist/tex/generic/pgf/systemlayer/pgfsys-common-p
df.def
File: pgfsys-common-pdf.def 2013/10/10  (rcs-revision 1.13)
)))
(/usr/local/texlive/2016/texmf-dist/tex/generic/pgf/systemlayer/pgfsyssoftpath.
code.tex
File: pgfsyssoftpath.code.tex 2013/09/09  (rcs-revision 1.9)
\pgfsyssoftpath@smallbuffer@items=\count132
\pgfsyssoftpath@bigbuffer@items=\count133
)
(/usr/local/texlive/2016/texmf-dist/tex/generic/pgf/systemlayer/pgfsysprotocol.
code.tex
File: pgfsysprotocol.code.tex 2006/10/16  (rcs-revision 1.4)
))
(/usr/local/texlive/2016/texmf-dist/tex/generic/pgf/basiclayer/pgfcore.code.tex
Package: pgfcore 2010/04/11 v3.0.1a (rcs-revision 1.7)
(/usr/local/texlive/2016/texmf-dist/tex/generic/pgf/math/pgfmath.code.tex
(/usr/local/texlive/2016/texmf-dist/tex/generic/pgf/math/pgfmathcalc.code.tex
(/usr/local/texlive/2016/texmf-dist/tex/generic/pgf/math/pgfmathutil.code.tex)
(/usr/local/texlive/2016/texmf-dist/tex/generic/pgf/math/pgfmathparser.code.tex
\pgfmath@dimen=\dimen151
\pgfmath@count=\count134
\pgfmath@box=\box32
\pgfmath@toks=\toks37
\pgfmath@stack@operand=\toks38
\pgfmath@stack@operation=\toks39
)
(/usr/local/texlive/2016/texmf-dist/tex/generic/pgf/math/pgfmathfunctions.code.
tex
(/usr/local/texlive/2016/texmf-dist/tex/generic/pgf/math/pgfmathfunctions.basic
.code.tex)
(/usr/local/texlive/2016/texmf-dist/tex/generic/pgf/math/pgfmathfunctions.trigo
nometric.code.tex)
(/usr/local/texlive/2016/texmf-dist/tex/generic/pgf/math/pgfmathfunctions.rando
m.code.tex)
(/usr/local/texlive/2016/texmf-dist/tex/generic/pgf/math/pgfmathfunctions.compa
rison.code.tex)
(/usr/local/texlive/2016/texmf-dist/tex/generic/pgf/math/pgfmathfunctions.base.
code.tex)
(/usr/local/texlive/2016/texmf-dist/tex/generic/pgf/math/pgfmathfunctions.round
.code.tex)
(/usr/local/texlive/2016/texmf-dist/tex/generic/pgf/math/pgfmathfunctions.misc.
code.tex)
(/usr/local/texlive/2016/texmf-dist/tex/generic/pgf/math/pgfmathfunctions.integ
erarithmetics.code.tex)))
(/usr/local/texlive/2016/texmf-dist/tex/generic/pgf/math/pgfmathfloat.code.tex
\c@pgfmathroundto@lastzeros=\count135
))
(/usr/local/texlive/2016/texmf-dist/tex/generic/pgf/basiclayer/pgfcorepoints.co
de.tex
File: pgfcorepoints.code.tex 2013/10/07  (rcs-revision 1.27)
\pgf@picminx=\dimen152
\pgf@picmaxx=\dimen153
\pgf@picminy=\dimen154
\pgf@picmaxy=\dimen155
\pgf@pathminx=\dimen156
\pgf@pathmaxx=\dimen157
\pgf@pathminy=\dimen158
\pgf@pathmaxy=\dimen159
\pgf@xx=\dimen160
\pgf@xy=\dimen161
\pgf@yx=\dimen162
\pgf@yy=\dimen163
\pgf@zx=\dimen164
\pgf@zy=\dimen165
)
(/usr/local/texlive/2016/texmf-dist/tex/generic/pgf/basiclayer/pgfcorepathconst
ruct.code.tex
File: pgfcorepathconstruct.code.tex 2013/10/07  (rcs-revision 1.29)
\pgf@path@lastx=\dimen166
\pgf@path@lasty=\dimen167
)
(/usr/local/texlive/2016/texmf-dist/tex/generic/pgf/basiclayer/pgfcorepathusage
.code.tex
File: pgfcorepathusage.code.tex 2014/11/02  (rcs-revision 1.24)
\pgf@shorten@end@additional=\dimen168
\pgf@shorten@start@additional=\dimen169
)
(/usr/local/texlive/2016/texmf-dist/tex/generic/pgf/basiclayer/pgfcorescopes.co
de.tex
File: pgfcorescopes.code.tex 2015/05/08  (rcs-revision 1.46)
\pgfpic=\box33
\pgf@hbox=\box34
\pgf@layerbox@main=\box35
\pgf@picture@serial@count=\count136
)
(/usr/local/texlive/2016/texmf-dist/tex/generic/pgf/basiclayer/pgfcoregraphicst
ate.code.tex
File: pgfcoregraphicstate.code.tex 2014/11/02  (rcs-revision 1.12)
\pgflinewidth=\dimen170
)
(/usr/local/texlive/2016/texmf-dist/tex/generic/pgf/basiclayer/pgfcoretransform
ations.code.tex
File: pgfcoretransformations.code.tex 2015/08/07  (rcs-revision 1.20)
\pgf@pt@x=\dimen171
\pgf@pt@y=\dimen172
\pgf@pt@temp=\dimen173
)
(/usr/local/texlive/2016/texmf-dist/tex/generic/pgf/basiclayer/pgfcorequick.cod
e.tex
File: pgfcorequick.code.tex 2008/10/09  (rcs-revision 1.3)
)
(/usr/local/texlive/2016/texmf-dist/tex/generic/pgf/basiclayer/pgfcoreobjects.c
ode.tex
File: pgfcoreobjects.code.tex 2006/10/11  (rcs-revision 1.2)
)
(/usr/local/texlive/2016/texmf-dist/tex/generic/pgf/basiclayer/pgfcorepathproce
ssing.code.tex
File: pgfcorepathprocessing.code.tex 2013/09/09  (rcs-revision 1.9)
)
(/usr/local/texlive/2016/texmf-dist/tex/generic/pgf/basiclayer/pgfcorearrows.co
de.tex
File: pgfcorearrows.code.tex 2015/05/14  (rcs-revision 1.43)
\pgfarrowsep=\dimen174
)
(/usr/local/texlive/2016/texmf-dist/tex/generic/pgf/basiclayer/pgfcoreshade.cod
e.tex
File: pgfcoreshade.code.tex 2013/07/15  (rcs-revision 1.15)
\pgf@max=\dimen175
\pgf@sys@shading@range@num=\count137
)
(/usr/local/texlive/2016/texmf-dist/tex/generic/pgf/basiclayer/pgfcoreimage.cod
e.tex
File: pgfcoreimage.code.tex 2013/07/15  (rcs-revision 1.18)

(/usr/local/texlive/2016/texmf-dist/tex/generic/pgf/basiclayer/pgfcoreexternal.
code.tex
File: pgfcoreexternal.code.tex 2014/07/09  (rcs-revision 1.21)
\pgfexternal@startupbox=\box36
))
(/usr/local/texlive/2016/texmf-dist/tex/generic/pgf/basiclayer/pgfcorelayers.co
de.tex
File: pgfcorelayers.code.tex 2013/07/18  (rcs-revision 1.7)
)
(/usr/local/texlive/2016/texmf-dist/tex/generic/pgf/basiclayer/pgfcoretranspare
ncy.code.tex
File: pgfcoretransparency.code.tex 2013/09/30  (rcs-revision 1.5)
)
(/usr/local/texlive/2016/texmf-dist/tex/generic/pgf/basiclayer/pgfcorepatterns.
code.tex
File: pgfcorepatterns.code.tex 2013/11/07  (rcs-revision 1.5)
)))
(/usr/local/texlive/2016/texmf-dist/tex/generic/pgf/modules/pgfmoduleshapes.cod
e.tex
File: pgfmoduleshapes.code.tex 2014/03/21  (rcs-revision 1.35)
\pgfnodeparttextbox=\box37
)
(/usr/local/texlive/2016/texmf-dist/tex/generic/pgf/modules/pgfmoduleplot.code.
tex
File: pgfmoduleplot.code.tex 2015/08/03  (rcs-revision 1.13)
)
(/usr/local/texlive/2016/texmf-dist/tex/latex/pgf/compatibility/pgfcomp-version
-0-65.sty
Package: pgfcomp-version-0-65 2007/07/03 v3.0.1a (rcs-revision 1.7)
\pgf@nodesepstart=\dimen176
\pgf@nodesepend=\dimen177
)
(/usr/local/texlive/2016/texmf-dist/tex/latex/pgf/compatibility/pgfcomp-version
-1-18.sty
Package: pgfcomp-version-1-18 2007/07/23 v3.0.1a (rcs-revision 1.1)
))
(/usr/local/texlive/2016/texmf-dist/tex/latex/pgf/utilities/pgffor.sty
(/usr/local/texlive/2016/texmf-dist/tex/latex/pgf/utilities/pgfkeys.sty
(/usr/local/texlive/2016/texmf-dist/tex/generic/pgf/utilities/pgfkeys.code.tex)
) (/usr/local/texlive/2016/texmf-dist/tex/latex/pgf/math/pgfmath.sty
(/usr/local/texlive/2016/texmf-dist/tex/generic/pgf/math/pgfmath.code.tex))
(/usr/local/texlive/2016/texmf-dist/tex/generic/pgf/utilities/pgffor.code.tex
Package: pgffor 2013/12/13 v3.0.1a (rcs-revision 1.25)

(/usr/local/texlive/2016/texmf-dist/tex/generic/pgf/math/pgfmath.code.tex)
\pgffor@iter=\dimen178
\pgffor@skip=\dimen179
\pgffor@stack=\toks40
\pgffor@toks=\toks41
))
(/usr/local/texlive/2016/texmf-dist/tex/generic/pgf/frontendlayer/tikz/tikz.cod
e.tex
Package: tikz 2015/08/07 v3.0.1a (rcs-revision 1.151)

(/usr/local/texlive/2016/texmf-dist/tex/generic/pgf/libraries/pgflibraryplothan
dlers.code.tex
File: pgflibraryplothandlers.code.tex 2013/08/31 v3.0.1a (rcs-revision 1.20)
\pgf@plot@mark@count=\count138
\pgfplotmarksize=\dimen180
)
\tikz@lastx=\dimen181
\tikz@lasty=\dimen182
\tikz@lastxsaved=\dimen183
\tikz@lastysaved=\dimen184
\tikzleveldistance=\dimen185
\tikzsiblingdistance=\dimen186
\tikz@figbox=\box38
\tikz@figbox@bg=\box39
\tikz@tempbox=\box40
\tikz@tempbox@bg=\box41
\tikztreelevel=\count139
\tikznumberofchildren=\count140
\tikznumberofcurrentchild=\count141
\tikz@fig@count=\count142

(/usr/local/texlive/2016/texmf-dist/tex/generic/pgf/modules/pgfmodulematrix.cod
e.tex
File: pgfmodulematrix.code.tex 2013/09/17  (rcs-revision 1.8)
\pgfmatrixcurrentrow=\count143
\pgfmatrixcurrentcolumn=\count144
\pgf@matrix@numberofcolumns=\count145
)
\tikz@expandcount=\count146

(/usr/local/texlive/2016/texmf-dist/tex/generic/pgf/frontendlayer/tikz/librarie
s/tikzlibrarytopaths.code.tex
File: tikzlibrarytopaths.code.tex 2008/06/17 v3.0.1a (rcs-revision 1.2)
)))
(/usr/local/texlive/2016/texmf-dist/tex/latex/base/latexsym.sty
Package: latexsym 1998/08/17 v2.2e Standard LaTeX package (lasy symbols)
\symlasy=\mathgroup6
LaTeX Font Info:    Overwriting symbol font `lasy' in version `bold'
(Font)                  U/lasy/m/n --> U/lasy/b/n on input line 52.
)
(/usr/local/texlive/2016/texmf-dist/tex/latex/jknapltx/mathrsfs.sty
Package: mathrsfs 1996/01/01 Math RSFS package v1.0 (jk)
\symrsfs=\mathgroup7
)
(/usr/local/texlive/2016/texmf-dist/tex/latex/booktabs/booktabs.sty
Package: booktabs 2016/04/27 v1.618033 publication quality tables
\heavyrulewidth=\dimen187
\lightrulewidth=\dimen188
\cmidrulewidth=\dimen189
\belowrulesep=\dimen190
\belowbottomsep=\dimen191
\aboverulesep=\dimen192
\abovetopsep=\dimen193
\cmidrulesep=\dimen194
\cmidrulekern=\dimen195
\defaultaddspace=\dimen196
\@cmidla=\count147
\@cmidlb=\count148
\@aboverulesep=\dimen197
\@belowrulesep=\dimen198
\@thisruleclass=\count149
\@lastruleclass=\count150
\@thisrulewidth=\dimen256
)
(./algorithm.sty
Package: algorithm 

Document Style `algorithm' - floating environment
(/usr/local/texlive/2016/texmf-dist/tex/latex/float/float.sty
Package: float 2001/11/08 v1.3d Float enhancements (AL)
\c@float@type=\count151
\float@exts=\toks42
\float@box=\box42
\@float@everytoks=\toks43
\@floatcapt=\box43
)
(/usr/local/texlive/2016/texmf-dist/tex/latex/base/ifthen.sty
Package: ifthen 2014/09/29 v1.1c Standard LaTeX ifthen package (DPC)
)
\@float@every@algorithm=\toks44
\c@algorithm=\count152
)
(./algorithmic.sty
Package: algorithmic 

Document Style `algorithmic' - environment
\c@ALC@line=\count153
\c@ALC@rem=\count154
\ALC@tlm=\skip64
) (/usr/local/texlive/2016/texmf-dist/tex/latex/doublestroke/dsfont.sty
Package: dsfont 1995/08/01 v0.1 Double stroke roman fonts
)
(/usr/local/texlive/2016/texmf-dist/tex/latex/multirow/multirow.sty
\bigstrutjot=\dimen257
)
(/usr/local/texlive/2016/texmf-dist/tex/latex/youngtab/youngtab.sty
Package: youngtab 1999/05/19 v1.1; Macros for Young-Tableaux
\y@b@xdim=\dimen258
\y@boxdim=\dimen259
\y@linethick=\dimen260
\y@interspace=\skip65
\y@counter=\count155
\y@full@b@xdim=\dimen261
\y@m@veright@cnt=\count156
)
(/usr/local/texlive/2016/texmf-dist/tex/latex/lipsum/lipsum.sty
Package: lipsum 2014/07/27 v1.3 150 paragraphs of Lorem Ipsum dummy text
\c@lips@count=\count157
)
(/usr/local/texlive/2016/texmf-dist/tex/latex/tools/verbatim.sty
Package: verbatim 2014/10/28 v1.5q LaTeX2e package for verbatim enhancements
\every@verbatim=\toks45
\verbatim@line=\toks46
\verbatim@in@stream=\read2
)
(/usr/local/texlive/2016/texmf-dist/tex/latex/mathtools/mathtools.sty
Package: mathtools 2015/11/12 v1.18 mathematical typesetting tools

(/usr/local/texlive/2016/texmf-dist/tex/latex/mathtools/mhsetup.sty
Package: mhsetup 2010/01/21 v1.2a programming setup (MH)
)
LaTeX Info: Thecontrolsequence`\('isalreadyrobust on input line 129.
LaTeX Info: Thecontrolsequence`\)'isalreadyrobust on input line 129.
LaTeX Info: Thecontrolsequence`\['isalreadyrobust on input line 129.
LaTeX Info: Thecontrolsequence`\]'isalreadyrobust on input line 129.
\g_MT_multlinerow_int=\count158
\l_MT_multwidth_dim=\dimen262
\origjot=\skip66
\l_MT_shortvdotswithinadjustabove_dim=\dimen263
\l_MT_shortvdotswithinadjustbelow_dim=\dimen264
\l_MT_above_intertext_sep=\dimen265
\l_MT_below_intertext_sep=\dimen266
\l_MT_above_shortintertext_sep=\dimen267
\l_MT_below_shortintertext_sep=\dimen268
)
(/usr/local/texlive/2016/texmf-dist/tex/latex/txfonts/txfonts.sty
Package: txfonts 2008/01/22 v3.2.1
LaTeX Font Info:    Redeclaring symbol font `operators' on input line 21.
LaTeX Font Info:    Overwriting symbol font `operators' in version `normal'
(Font)                  OT1/cmr/m/n --> OT1/txr/m/n on input line 21.
LaTeX Font Info:    Overwriting symbol font `operators' in version `bold'
(Font)                  OT1/cmr/bx/n --> OT1/txr/m/n on input line 21.
LaTeX Font Info:    Overwriting symbol font `operators' in version `bold'
(Font)                  OT1/txr/m/n --> OT1/txr/bx/n on input line 22.
\symitalic=\mathgroup8
LaTeX Font Info:    Overwriting symbol font `italic' in version `bold'
(Font)                  OT1/txr/m/it --> OT1/txr/bx/it on input line 26.
LaTeX Font Info:    Redeclaring math alphabet \mathbf on input line 29.
LaTeX Font Info:    Overwriting math alphabet `\mathbf' in version `normal'
(Font)                  OT1/cmr/bx/n --> OT1/txr/bx/n on input line 29.
LaTeX Font Info:    Overwriting math alphabet `\mathbf' in version `bold'
(Font)                  OT1/cmr/bx/n --> OT1/txr/bx/n on input line 29.
LaTeX Font Info:    Redeclaring math alphabet \mathit on input line 30.
LaTeX Font Info:    Overwriting math alphabet `\mathit' in version `normal'
(Font)                  OT1/cmr/m/it --> OT1/txr/m/it on input line 30.
LaTeX Font Info:    Overwriting math alphabet `\mathit' in version `bold'
(Font)                  OT1/cmr/bx/it --> OT1/txr/m/it on input line 30.
LaTeX Font Info:    Overwriting math alphabet `\mathit' in version `bold'
(Font)                  OT1/txr/m/it --> OT1/txr/bx/it on input line 31.
LaTeX Font Info:    Redeclaring math alphabet \mathsf on input line 40.
LaTeX Font Info:    Overwriting math alphabet `\mathsf' in version `normal'
(Font)                  OT1/cmss/m/n --> OT1/txss/m/n on input line 40.
LaTeX Font Info:    Overwriting math alphabet `\mathsf' in version `bold'
(Font)                  OT1/cmss/bx/n --> OT1/txss/m/n on input line 40.
LaTeX Font Info:    Overwriting math alphabet `\mathsf' in version `bold'
(Font)                  OT1/txss/m/n --> OT1/txss/b/n on input line 41.
LaTeX Font Info:    Redeclaring math alphabet \mathtt on input line 50.
LaTeX Font Info:    Overwriting math alphabet `\mathtt' in version `normal'
(Font)                  OT1/cmtt/m/n --> OT1/txtt/m/n on input line 50.
LaTeX Font Info:    Overwriting math alphabet `\mathtt' in version `bold'
(Font)                  OT1/cmtt/m/n --> OT1/txtt/m/n on input line 50.
LaTeX Font Info:    Overwriting math alphabet `\mathtt' in version `bold'
(Font)                  OT1/txtt/m/n --> OT1/txtt/b/n on input line 51.
LaTeX Font Info:    Redeclaring symbol font `letters' on input line 58.
LaTeX Font Info:    Overwriting symbol font `letters' in version `normal'
(Font)                  OML/cmm/m/it --> OML/txmi/m/it on input line 58.
LaTeX Font Info:    Overwriting symbol font `letters' in version `bold'
(Font)                  OML/cmm/b/it --> OML/txmi/m/it on input line 58.
LaTeX Font Info:    Overwriting symbol font `letters' in version `bold'
(Font)                  OML/txmi/m/it --> OML/txmi/bx/it on input line 59.
\symlettersA=\mathgroup9
LaTeX Font Info:    Overwriting symbol font `lettersA' in version `bold'
(Font)                  U/txmia/m/it --> U/txmia/bx/it on input line 67.
LaTeX Font Info:    Redeclaring math alphabet \mathfrak on input line 70.
LaTeX Font Info:    Redeclaring symbol font `symbols' on input line 77.
LaTeX Font Info:    Overwriting symbol font `symbols' in version `normal'
(Font)                  OMS/cmsy/m/n --> OMS/txsy/m/n on input line 77.
LaTeX Font Info:    Overwriting symbol font `symbols' in version `bold'
(Font)                  OMS/cmsy/b/n --> OMS/txsy/m/n on input line 77.
LaTeX Font Info:    Overwriting symbol font `symbols' in version `bold'
(Font)                  OMS/txsy/m/n --> OMS/txsy/bx/n on input line 78.
LaTeX Font Info:    Redeclaring symbol font `AMSa' on input line 93.
LaTeX Font Info:    Overwriting symbol font `AMSa' in version `normal'
(Font)                  U/msa/m/n --> U/txsya/m/n on input line 93.
LaTeX Font Info:    Overwriting symbol font `AMSa' in version `bold'
(Font)                  U/msa/m/n --> U/txsya/m/n on input line 93.
LaTeX Font Info:    Overwriting symbol font `AMSa' in version `bold'
(Font)                  U/txsya/m/n --> U/txsya/bx/n on input line 94.
LaTeX Font Info:    Redeclaring symbol font `AMSb' on input line 102.
LaTeX Font Info:    Overwriting symbol font `AMSb' in version `normal'
(Font)                  U/msb/m/n --> U/txsyb/m/n on input line 102.
LaTeX Font Info:    Overwriting symbol font `AMSb' in version `bold'
(Font)                  U/msb/m/n --> U/txsyb/m/n on input line 102.
LaTeX Font Info:    Overwriting symbol font `AMSb' in version `bold'
(Font)                  U/txsyb/m/n --> U/txsyb/bx/n on input line 103.
\symsymbolsC=\mathgroup10
LaTeX Font Info:    Overwriting symbol font `symbolsC' in version `bold'
(Font)                  U/txsyc/m/n --> U/txsyc/bx/n on input line 113.
LaTeX Font Info:    Redeclaring symbol font `largesymbols' on input line 120.
LaTeX Font Info:    Overwriting symbol font `largesymbols' in version `normal'
(Font)                  OMX/cmex/m/n --> OMX/txex/m/n on input line 120.
LaTeX Font Info:    Overwriting symbol font `largesymbols' in version `bold'
(Font)                  OMX/cmex/m/n --> OMX/txex/m/n on input line 120.
LaTeX Font Info:    Overwriting symbol font `largesymbols' in version `bold'
(Font)                  OMX/txex/m/n --> OMX/txex/bx/n on input line 121.
\symlargesymbolsA=\mathgroup11
LaTeX Font Info:    Overwriting symbol font `largesymbolsA' in version `bold'
(Font)                  U/txexa/m/n --> U/txexa/bx/n on input line 129.
LaTeX Info: Redefining \not on input line 1043.
LaTeX Info: Redefining \textsquare on input line 1063.
LaTeX Info: Redefining \openbox on input line 1064.
)
\c@theorem=\count159
\c@conjecture=\count160
)
\c@claim=\count161

(./Dissertation.aux

LaTeX Warning: Label `thm.s=1.abacus' multiply defined.

)
\openout1 = `Dissertation.aux'.

LaTeX Font Info:    Checking defaults for OML/txmi/m/it on input line 24.
LaTeX Font Info:    Try loading font information for OML+txmi on input line 24.

 (/usr/local/texlive/2016/texmf-dist/tex/latex/txfonts/omltxmi.fd
File: omltxmi.fd 2000/12/15 v3.1
)
LaTeX Font Info:    ... okay on input line 24.
LaTeX Font Info:    Checking defaults for T1/cmr/m/n on input line 24.
LaTeX Font Info:    ... okay on input line 24.
LaTeX Font Info:    Checking defaults for OT1/cmr/m/n on input line 24.
LaTeX Font Info:    ... okay on input line 24.
LaTeX Font Info:    Checking defaults for OMS/txsy/m/n on input line 24.
LaTeX Font Info:    Try loading font information for OMS+txsy on input line 24.


(/usr/local/texlive/2016/texmf-dist/tex/latex/txfonts/omstxsy.fd
File: omstxsy.fd 2000/12/15 v3.1
)
LaTeX Font Info:    ... okay on input line 24.
LaTeX Font Info:    Checking defaults for OMX/txex/m/n on input line 24.
LaTeX Font Info:    Try loading font information for OMX+txex on input line 24.


(/usr/local/texlive/2016/texmf-dist/tex/latex/txfonts/omxtxex.fd
File: omxtxex.fd 2000/12/15 v3.1
)
LaTeX Font Info:    ... okay on input line 24.
LaTeX Font Info:    Checking defaults for U/txexa/m/n on input line 24.
LaTeX Font Info:    Try loading font information for U+txexa on input line 24.

(/usr/local/texlive/2016/texmf-dist/tex/latex/txfonts/utxexa.fd
File: utxexa.fd 2000/12/15 v3.1
)
LaTeX Font Info:    ... okay on input line 24.
LaTeX Font Info:    Checking defaults for PD1/pdf/m/n on input line 24.
LaTeX Font Info:    ... okay on input line 24.
LaTeX Font Info:    Try loading font information for OT1+txr on input line 24.

(/usr/local/texlive/2016/texmf-dist/tex/latex/txfonts/ot1txr.fd
File: ot1txr.fd 2000/12/15 v3.1
)
LaTeX Font Info:    Try loading font information for U+txsya on input line 24.

(/usr/local/texlive/2016/texmf-dist/tex/latex/txfonts/utxsya.fd
File: utxsya.fd 2000/12/15 v3.1
)
LaTeX Font Info:    Try loading font information for U+txsyb on input line 24.

(/usr/local/texlive/2016/texmf-dist/tex/latex/txfonts/utxsyb.fd
File: utxsyb.fd 2000/12/15 v3.1
)
LaTeX Font Info:    Try loading font information for U+lasy on input line 24.

(/usr/local/texlive/2016/texmf-dist/tex/latex/base/ulasy.fd
File: ulasy.fd 1998/08/17 v2.2e LaTeX symbol font definitions
)
LaTeX Font Info:    Try loading font information for U+rsfs on input line 24.

(/usr/local/texlive/2016/texmf-dist/tex/latex/jknapltx/ursfs.fd
File: ursfs.fd 1998/03/24 rsfs font definition file (jk)
)
LaTeX Font Info:    Try loading font information for U+txmia on input line 24.

(/usr/local/texlive/2016/texmf-dist/tex/latex/txfonts/utxmia.fd
File: utxmia.fd 2000/12/15 v3.1
)
LaTeX Font Info:    Try loading font information for U+txsyc on input line 24.

(/usr/local/texlive/2016/texmf-dist/tex/latex/txfonts/utxsyc.fd
File: utxsyc.fd 2000/12/15 v3.1
)
*geometry* driver: auto-detecting
*geometry* detected driver: pdftex
*geometry* verbose mode - [ preamble ] result:
* driver: pdftex
* paper: <default>
* layout: <same size as paper>
* layoutoffset:(h,v)=(0.0pt,0.0pt)
* modes: includehead includefoot 
* h-part:(L,W,R)=(72.26999pt, 469.75502pt, 72.26999pt)
* v-part:(T,H,B)=(72.26999pt, 650.43001pt, 72.26999pt)
* \paperwidth=614.295pt
* \paperheight=794.96999pt
* \textwidth=469.75502pt
* \textheight=610.43001pt
* \oddsidemargin=0.0pt
* \evensidemargin=0.0pt
* \topmargin=0.0pt
* \headheight=13.0pt
* \headsep=23.135pt
* \topskip=10.0pt
* \footskip=18.0pt
* \marginparwidth=90.0pt
* \marginparsep=11.0pt
* \columnsep=10.0pt
* \skip\footins=7.0pt plus 11.0pt
* \hoffset=0.0pt
* \voffset=0.0pt
* \mag=1000
* \@twocolumnfalse
* \@twosidefalse
* \@mparswitchfalse
* \@reversemarginfalse
* (1in=72.27pt=25.4mm, 1cm=28.453pt)

\AtBeginShipoutBox=\box44
Package hyperref Info: Link coloring ON on input line 24.
(/usr/local/texlive/2016/texmf-dist/tex/latex/hyperref/nameref.sty
Package: nameref 2012/10/27 v2.43 Cross-referencing by name of section

(/usr/local/texlive/2016/texmf-dist/tex/generic/oberdiek/gettitlestring.sty
Package: gettitlestring 2016/05/16 v1.5 Cleanup title references (HO)
)
\c@section@level=\count162
)
LaTeX Info: Redefining \ref on input line 24.
LaTeX Info: Redefining \pageref on input line 24.
LaTeX Info: Redefining \nameref on input line 24.

(./Dissertation.out) (./Dissertation.out)
\@outlinefile=\write4
\openout4 = `Dissertation.out'.

\c@lstlisting=\count163

(/usr/local/texlive/2016/texmf-dist/tex/context/base/mkii/supp-pdf.mkii
[Loading MPS to PDF converter (version 2006.09.02).]
\scratchcounter=\count164
\scratchdimen=\dimen269
\scratchbox=\box45
\nofMPsegments=\count165
\nofMParguments=\count166
\everyMPshowfont=\toks47
\MPscratchCnt=\count167
\MPscratchDim=\dimen270
\MPnumerator=\count168
\makeMPintoPDFobject=\count169
\everyMPtoPDFconversion=\toks48
) (/usr/local/texlive/2016/texmf-dist/tex/latex/oberdiek/epstopdf-base.sty
Package: epstopdf-base 2016/05/15 v2.6 Base part for package epstopdf

(/usr/local/texlive/2016/texmf-dist/tex/latex/oberdiek/grfext.sty
Package: grfext 2016/05/16 v1.2 Manage graphics extensions (HO)
)
Package grfext Info: Graphics extension search list:
(grfext)             [.png,.pdf,.jpg,.mps,.jpeg,.jbig2,.jb2,.PNG,.PDF,.JPG,.JPE
G,.JBIG2,.JB2,.eps]
(grfext)             \AppendGraphicsExtensions on input line 456.

(/usr/local/texlive/2016/texmf-dist/tex/latex/latexconfig/epstopdf-sys.cfg
File: epstopdf-sys.cfg 2010/07/13 v1.3 Configuration of (r)epstopdf for TeX Liv
e
))
Package caption Info: Begin \AtBeginDocument code.
Package caption Info: float package is loaded.
Package caption Info: End \AtBeginDocument code.

ABD: EveryShipout initializing macros (./TitlePage.tex) [1


{/usr/local/texlive/2016/texmf-var/fonts/map/pdftex/updmap/pdftex.map}]
LaTeX Font Info:    Try loading font information for OMS+txr on input line 44.

(/usr/local/texlive/2016/texmf-dist/tex/latex/txfonts/omstxr.fd
File: omstxr.fd 2000/12/15 v3.1
)
LaTeX Font Info:    Font shape `OMS/txr/m/n' in size <10.95> not available
(Font)              Font shape `OMS/txsy/m/n' tried instead on input line 44.
 [0


]
Contents
(./Dissertation.toc
Underfull \vbox (badness 1635) has occurred while \output is active []

 [2


]
Underfull \vbox (badness 10000) has occurred while \output is active []

 [3])
\tf@toc=\write5
\openout5 = `Dissertation.toc'.


[4] (./Abstract.tex) [5] (./Acknowledgments.tex) [6]
Chapter 1
(./Introduction.tex

Package hyperref Warning: Token not allowed in a PDF string (PDFDocEncoding):
(hyperref)                removing `math shift' on input line 9.


Package hyperref Warning: Token not allowed in a PDF string (PDFDocEncoding):
(hyperref)                removing `math shift' on input line 9.


Underfull \vbox (badness 2503) has occurred while \output is active []

 [1




]
[2] [3] [4] [5]
<ch3_figures/anderson_bijection.png, id=326, 1184.425pt x 456.70625pt>
File: ch3_figures/anderson_bijection.png Graphic file (type png)

<use ch3_figures/anderson_bijection.png>
Package pdftex.def Info: ch3_figures/anderson_bijection.png used on input line 
204.
(pdftex.def)             Requested size: 343.47446pt x 132.4414pt.

Overfull \hbox (10.64426pt too wide) in paragraph at lines 211--213
 \OT1/txr/bx/n/10.95 1.2.1.Simultaneous core par-ti-tions.[] \OT1/txr/m/n/10.95
 A []\OT1/txr/m/it/10.95 par-ti-tion[] $\OML/txmi/m/it/10.95 ^^U$ \OT1/txr/m/n/
10.95 of $\OML/txmi/m/it/10.95 n$ \OT1/txr/m/n/10.95 is a fi-nite non-increasin
g se-quence $(\OML/txmi/m/it/10.95 ^^U[]; ^^U[]; [] ; ^^U[]\OT1/txr/m/n/10.95 )
$
 []


Overfull \hbox (14.2021pt too wide) in paragraph at lines 217--220
\OT1/txr/m/n/10.95 equal to $\OML/txmi/m/it/10.95 a$ \OT1/txr/m/n/10.95 or $\OM
L/txmi/m/it/10.95 b$\OT1/txr/m/n/10.95 . De-note the set of all $(\OML/txmi/m/i
t/10.95 a; b\OT1/txr/m/n/10.95 )$-cores as $K[]$. For ex-am-ple, a par-ti-tion 
$\OML/txmi/m/it/10.95 ^^T \OT1/txr/m/n/10.95 = (21\OML/txmi/m/it/10.95 ; \OT1/t
xr/m/n/10.95 13\OML/txmi/m/it/10.95 ; \OT1/txr/m/n/10.95 12\OML/txmi/m/it/10.95
 ; \OT1/txr/m/n/10.95 8\OML/txmi/m/it/10.95 ; \OT1/txr/m/n/10.95 7\OML/txmi/m/i
t/10.95 ; \OT1/txr/m/n/10.95 6\OML/txmi/m/it/10.95 ; \OT1/txr/m/n/10.95 5\OML/t
xmi/m/it/10.95 ; \OT1/txr/m/n/10.95 3\OML/txmi/m/it/10.95 ; \OT1/txr/m/n/10.95 
2\OML/txmi/m/it/10.95 ; \OT1/txr/m/n/10.95 1)$
 []


Underfull \vbox (badness 3780) has occurred while \output is active []

 [6 <./ch3_figures/anderson_bijection.png>] [7] [8]
Overfull \hbox (9.29356pt too wide) in paragraph at lines 298--299
 \OT1/txr/bx/n/10.95 1.2.3.Abacus di-a-grams.[] \OT1/txr/m/n/10.95 An []$\OML/t
xmi/m/it/10.95 a$\OT1/txr/m/it/10.95 -abacus di-a-gram[] \OT1/txr/m/n/10.95 con
-sists of $\OML/txmi/m/it/10.95 a$ \OT1/txr/m/n/10.95 rows called run-ners in-d
exed by $\OMS/txsy/m/n/10.95 f\OT1/txr/m/n/10.95 0\OML/txmi/m/it/10.95 ; \OT1/t
xr/m/n/10.95 1\OML/txmi/m/it/10.95 ; [] ; a \OMS/txsy/m/n/10.95 ^^@
 []

<ch3_figures/abacus.png, id=388, 1215.03937pt x 325.71687pt>
File: ch3_figures/abacus.png Graphic file (type png)

<use ch3_figures/abacus.png>
Package pdftex.def Info: ch3_figures/abacus.png used on input line 307.
(pdftex.def)             Requested size: 328.06502pt x 87.94472pt.
 [9 <./ch3_figures/abacus.png>]
Overfull \hbox (3.1961pt too wide) in paragraph at lines 345--349
[]\OT1/txr/m/n/10.95 Let $[](\OML/txmi/m/it/10.95 ^^T\OT1/txr/m/n/10.95 ) = (\O
ML/txmi/m/it/10.95 d[]; [] ; d[]\OT1/txr/m/n/10.95 )$. We will make use of no-t
a-tion from Propo-si-tion [][]1.12[][]. Let $\OMS/txsy/m/n/10.95 f\OML/txmi/m/i
t/10.95 x[]; [] ; x[]\OMS/txsy/m/n/10.95 g$
 []

[10] [11]
Overfull \hbox (10.13693pt too wide) in paragraph at lines 416--422
[]\OT1/txr/m/n/10.95 In 1970, [[][]\OT1/txr/bx/n/10.95 Dav70[][]\OT1/txr/m/n/10
.95 ] dis-cov-ered that transitivity---the ten-dency of friends of friends to b
e friends themselves---
 []


Underfull \vbox (badness 1270) has occurred while \output is active []

 [12]
<ch4_figures/graphlet_2-1.png, id=448, 189.70876pt x 40.65187pt>
File: ch4_figures/graphlet_2-1.png Graphic file (type png)

<use ch4_figures/graphlet_2-1.png>
Package pdftex.def Info: ch4_figures/graphlet_2-1.png used on input line 438.
(pdftex.def)             Requested size: 37.58125pt x 8.05269pt.

<ch4_figures/graphlet_3-1.png, id=449, 190.21063pt x 163.10938pt>
File: ch4_figures/graphlet_3-1.png Graphic file (type png)

<use ch4_figures/graphlet_3-1.png>
Package pdftex.def Info: ch4_figures/graphlet_3-1.png used on input line 442.
(pdftex.def)             Requested size: 37.58125pt x 32.22556pt.

<ch4_figures/graphlet_3-2.png, id=450, 189.70876pt x 163.10938pt>
File: ch4_figures/graphlet_3-2.png Graphic file (type png)

<use ch4_figures/graphlet_3-2.png>
Package pdftex.def Info: ch4_figures/graphlet_3-2.png used on input line 446.
(pdftex.def)             Requested size: 37.58125pt x 32.31018pt.

<ch4_figures/graphlet_4-1.png, id=451, 189.70876pt x 189.70876pt>
File: ch4_figures/graphlet_4-1.png Graphic file (type png)

<use ch4_figures/graphlet_4-1.png>
Package pdftex.def Info: ch4_figures/graphlet_4-1.png used on input line 453.
(pdftex.def)             Requested size: 37.58125pt x 37.57922pt.

<ch4_figures/graphlet_4-2.png, id=452, 190.21063pt x 189.70876pt>
File: ch4_figures/graphlet_4-2.png Graphic file (type png)

<use ch4_figures/graphlet_4-2.png>
Package pdftex.def Info: ch4_figures/graphlet_4-2.png used on input line 457.
(pdftex.def)             Requested size: 37.58125pt x 37.4808pt.

<ch4_figures/graphlet_4-3.png, id=453, 189.70876pt x 189.70876pt>
File: ch4_figures/graphlet_4-3.png Graphic file (type png)

<use ch4_figures/graphlet_4-3.png>
Package pdftex.def Info: ch4_figures/graphlet_4-3.png used on input line 461.
(pdftex.def)             Requested size: 37.58125pt x 37.57922pt.

<ch4_figures/graphlet_4-4.png, id=454, 189.70876pt x 189.70876pt>
File: ch4_figures/graphlet_4-4.png Graphic file (type png)

<use ch4_figures/graphlet_4-4.png>
Package pdftex.def Info: ch4_figures/graphlet_4-4.png used on input line 465.
(pdftex.def)             Requested size: 37.58125pt x 37.57922pt.

<ch4_figures/graphlet_4-5.png, id=455, 190.21063pt x 189.70876pt>
File: ch4_figures/graphlet_4-5.png Graphic file (type png)

<use ch4_figures/graphlet_4-5.png>
Package pdftex.def Info: ch4_figures/graphlet_4-5.png used on input line 469.
(pdftex.def)             Requested size: 37.58125pt x 37.4808pt.

<ch4_figures/graphlet_4-6.png, id=456, 189.70876pt x 189.70876pt>
File: ch4_figures/graphlet_4-6.png Graphic file (type png)

<use ch4_figures/graphlet_4-6.png>
Package pdftex.def Info: ch4_figures/graphlet_4-6.png used on input line 473.
(pdftex.def)             Requested size: 37.58125pt x 37.57922pt.

<ch4_figures/graphlet_5-1.png, id=457, 262.9825pt x 251.94125pt>
File: ch4_figures/graphlet_5-1.png Graphic file (type png)

<use ch4_figures/graphlet_5-1.png>
Package pdftex.def Info: ch4_figures/graphlet_5-1.png used on input line 480.
(pdftex.def)             Requested size: 46.97836pt x 45.00531pt.

<ch4_figures/graphlet_5-8.png, id=458, 262.9825pt x 251.94125pt>
File: ch4_figures/graphlet_5-8.png Graphic file (type png)

<use ch4_figures/graphlet_5-8.png>
Package pdftex.def Info: ch4_figures/graphlet_5-8.png used on input line 484.
(pdftex.def)             Requested size: 46.97836pt x 45.00531pt.

<ch4_figures/graphlet_5-11.png, id=459, 262.9825pt x 251.43938pt>
File: ch4_figures/graphlet_5-11.png Graphic file (type png)

<use ch4_figures/graphlet_5-11.png>
Package pdftex.def Info: ch4_figures/graphlet_5-11.png used on input line 488.
(pdftex.def)             Requested size: 46.97836pt x 44.91566pt.

<ch4_figures/graphlet_5-19.png, id=460, 262.48062pt x 251.94125pt>
File: ch4_figures/graphlet_5-19.png Graphic file (type png)

<use ch4_figures/graphlet_5-19.png>
Package pdftex.def Info: ch4_figures/graphlet_5-19.png used on input line 492.
(pdftex.def)             Requested size: 46.97836pt x 45.08989pt.

<ch4_figures/graphlet_5-21.png, id=461, 262.9825pt x 251.43938pt>
File: ch4_figures/graphlet_5-21.png Graphic file (type png)

<use ch4_figures/graphlet_5-21.png>
Package pdftex.def Info: ch4_figures/graphlet_5-21.png used on input line 496.
(pdftex.def)             Requested size: 46.97836pt x 44.91566pt.
 [13 <./ch4_figures/graphlet_2-1.png> <./ch4_figures/graphlet_3-1.png> <./ch4_f
igures/graphlet_3-2.png> <./ch4_figures/graphlet_4-1.png> <./ch4_figures/graphl
et_4-2.png> <./ch4_figures/graphlet_4-3.png> <./ch4_figures/graphlet_4-4.png> <
./ch4_figures/graphlet_4-5.png> <./ch4_figures/graphlet_4-6.png> <./ch4_figures
/graphlet_5-1.png> <./ch4_figures/graphlet_5-8.png> <./ch4_figures/graphlet_5-1
1.png> <./ch4_figures/graphlet_5-19.png> <./ch4_figures/graphlet_5-21.png>]
Underfull \vbox (badness 2334) has occurred while \output is active []

 [14])
[15]
Chapter 2

Package hyperref Warning: Token not allowed in a PDF string (PDFDocEncoding):
(hyperref)                removing `math shift' on input line 84.


Package hyperref Warning: Token not allowed in a PDF string (PDFDocEncoding):
(hyperref)                removing `math shift' on input line 84.

(./ch2_crystals.tex [16


] [17] [18] [19]
Underfull \vbox (badness 10000) has occurred while \output is active []

 [20]
Overfull \hbox (14.36755pt too wide) in paragraph at lines 256--260
 \OT1/txr/bx/n/10.95 2.1.2.Mixed in-ser-tion.[] \OT1/txr/m/n/10.95 Set $\OMS/tx
sy/m/n/10.95 B[] \OT1/txr/m/n/10.95 = \OMS/txsy/m/n/10.95 B[]$\OT1/txr/m/n/10.9
5 . Sim-i-lar to the well-known RSK-algorithm, mixed in-ser-tion [[][]\OT1/txr/
bx/n/10.95 Hai89[][]\OT1/txr/m/n/10.95 ]
 []

[21] [22] [23]
Underfull \vbox (badness 10000) has occurred while \output is active []

 [24]
Underfull \hbox (badness 10000) in paragraph at lines 461--466

 []

[25]
Underfull \hbox (badness 10000) in paragraph at lines 487--489

 []

[26]
Underfull \hbox (badness 10000) in paragraph at lines 559--566

 []

[27]
Overfull \hbox (1.09326pt too wide) in paragraph at lines 629--633
[]\OT1/txr/m/n/10.95 The con-se-quence of The-o-rem [][]2.18[][], as dis-cussed
 in Sec-tion [][]2.1.2[][], is a crys-tal iso-mor-phism $	[] [] [] [](\OML/txmi
/m/it/10.95 ^^U\OT1/txr/m/n/10.95 ) \OMS/txsy/m/n/10.95 !
 []

[28]
LaTeX Font Info:    Try loading font information for OT1+txtt on input line 687
.
 (/usr/local/texlive/2016/texmf-dist/tex/latex/txfonts/ot1txtt.fd
File: ot1txtt.fd 2000/12/15 v3.1
) [29]
Underfull \vbox (badness 10000) has occurred while \output is active []

 [30]
<ch2_figures/crystal_diagram.pdf, id=728, 339.07881pt x 543.5808pt>
File: ch2_figures/crystal_diagram.pdf Graphic file (type pdf)

<use ch2_figures/crystal_diagram.pdf>
Package pdftex.def Info: ch2_figures/crystal_diagram.pdf used on input line 777
.
(pdftex.def)             Requested size: 372.98784pt x 597.9407pt.

Underfull \vbox (badness 10000) has occurred while \output is active []

 [31]
Underfull \vbox (badness 10000) has occurred while \output is active []

 [32 <./ch2_figures/crystal_diagram.pdf>]

LaTeX Warning: Reference `THEOREM.MAIN2' on page 33 undefined on input line 821
.

[33]

LaTeX Warning: Reference `THEOREM.MAIN2' on page 34 undefined on input line 876
.

[34]

LaTeX Warning: Reference `THEOREM.MAIN2' on page 35 undefined on input line 940
.

[35]

LaTeX Warning: Reference `THEOREM.MAIN2' on page 36 undefined on input line 101
4.

[36]

LaTeX Warning: Reference `THEOREM.MAIN2' on page 37 undefined on input line 106
4.

[37]

LaTeX Warning: Reference `THEOREM.MAIN2' on page 38 undefined on input line 113
0.

[38]

LaTeX Warning: Reference `THEOREM.MAIN2' on page 39 undefined on input line 119
2.

[39]

LaTeX Warning: Reference `THEOREM.MAIN2' on page 40 undefined on input line 125
7.

[40]

LaTeX Warning: Reference `THEOREM.MAIN2' on page 41 undefined on input line 130
2.

[41]

LaTeX Warning: Reference `THEOREM.MAIN2' on page 42 undefined on input line 136
6.

[42]
LaTeX Font Info:    Font shape `U/lasy/b/n' in size <8> not available
(Font)              Font shape `U/lasy/m/n' tried instead on input line 1400.
LaTeX Font Info:    Font shape `U/lasy/b/n' in size <6> not available
(Font)              Font shape `U/lasy/m/n' tried instead on input line 1400.


LaTeX Warning: Reference `THEOREM.MAIN3' on page 43 undefined on input line 141
3.

[43]

LaTeX Warning: Reference `THEOREM.MAIN3' on page 44 undefined on input line 145
2.

[44]

LaTeX Warning: Reference `THEOREM.MAIN3' on page 45 undefined on input line 151
0.

[45]
Underfull \vbox (badness 3977) has occurred while \output is active []



LaTeX Warning: Reference `THEOREM.MAIN3' on page 46 undefined on input line 155
0.

[46]) [47]
Chapter 3
(./ch3_fibonacci.tex [48


] [49]

Package hyperref Warning: Token not allowed in a PDF string (PDFDocEncoding):
(hyperref)                removing `math shift' on input line 176.


Package hyperref Warning: Token not allowed in a PDF string (PDFDocEncoding):
(hyperref)                removing `math shift' on input line 176.

[50] [51]

Package hyperref Warning: Token not allowed in a PDF string (PDFDocEncoding):
(hyperref)                removing `math shift' on input line 254.


Package hyperref Warning: Token not allowed in a PDF string (PDFDocEncoding):
(hyperref)                removing `math shift' on input line 254.

[52] <ch3_figures/conjecture_cores.jpg, id=922, 1463.4675pt x 430.60875pt>
File: ch3_figures/conjecture_cores.jpg Graphic file (type jpg)

<use ch3_figures/conjecture_cores.jpg>
Package pdftex.def Info: ch3_figures/conjecture_cores.jpg used on input line 28
1.
(pdftex.def)             Requested size: 263.41278pt x 77.50623pt.
 [53 <./ch3_figures/conjecture_cores.jpg>]

Package hyperref Warning: Token not allowed in a PDF string (PDFDocEncoding):
(hyperref)                removing `math shift' on input line 313.


Package hyperref Warning: Token not allowed in a PDF string (PDFDocEncoding):
(hyperref)                removing `math shift' on input line 313.

[54] [55]
Underfull \vbox (badness 10000) has occurred while \output is active []

 [56]
[57] [58]
Underfull \vbox (badness 10000) has occurred while \output is active []

 [59]
Underfull \vbox (badness 10000) has occurred while \output is active []

 [60]
<ch3_figures/bounce_path.png, id=1029, 229.85875pt x 646.91687pt>
File: ch3_figures/bounce_path.png Graphic file (type png)

<use ch3_figures/bounce_path.png>
Package pdftex.def Info: ch3_figures/bounce_path.png used on input line 589.
(pdftex.def)             Requested size: 66.65732pt x 187.60107pt.
 [61] [62 <./ch3_figures/bounce_path.png>]
Underfull \vbox (badness 10000) has occurred while \output is active []

 [63]
Underfull \vbox (badness 10000) has occurred while \output is active []

 [64])
[65]
Chapter 4
(./ch4_lift.tex
LaTeX Font Info:    Try loading font information for U+dsrom on input line 158.


(/usr/local/texlive/2016/texmf-dist/tex/latex/doublestroke/Udsrom.fd
File: Udsrom.fd 1995/08/01 v0.1 Double stroke roman font definitions
)
Underfull \vbox (badness 4229) has occurred while \output is active []

 [66


]
Underfull \vbox (badness 10000) has occurred while \output is active []

 [67]
Underfull \vbox (badness 10000) has occurred while \output is active []

 [68]
<ch4_figures/lift_1.png, id=1111, 179.67125pt x 125.46875pt>
File: ch4_figures/lift_1.png Graphic file (type png)

<use ch4_figures/lift_1.png>
Package pdftex.def Info: ch4_figures/lift_1.png used on input line 334.
(pdftex.def)             Requested size: 46.97836pt x 32.80489pt.

<ch4_figures/lift_2.png, id=1112, 179.67125pt x 125.46875pt>
File: ch4_figures/lift_2.png Graphic file (type png)

<use ch4_figures/lift_2.png>
Package pdftex.def Info: ch4_figures/lift_2.png used on input line 338.
(pdftex.def)             Requested size: 46.97836pt x 32.80489pt.

<ch4_figures/lift_3.png, id=1113, 179.67125pt x 125.46875pt>
File: ch4_figures/lift_3.png Graphic file (type png)

<use ch4_figures/lift_3.png>
Package pdftex.def Info: ch4_figures/lift_3.png used on input line 342.
(pdftex.def)             Requested size: 46.97836pt x 32.80489pt.

<ch4_figures/lift_4.png, id=1114, 179.67125pt x 125.46875pt>
File: ch4_figures/lift_4.png Graphic file (type png)

<use ch4_figures/lift_4.png>
Package pdftex.def Info: ch4_figures/lift_4.png used on input line 346.
(pdftex.def)             Requested size: 46.97836pt x 32.80489pt.

<ch4_figures/lift_5.png, id=1115, 179.67125pt x 125.46875pt>
File: ch4_figures/lift_5.png Graphic file (type png)

<use ch4_figures/lift_5.png>
Package pdftex.def Info: ch4_figures/lift_5.png used on input line 353.
(pdftex.def)             Requested size: 46.97836pt x 32.80489pt.

<ch4_figures/lift_6.png, id=1116, 179.67125pt x 125.46875pt>
File: ch4_figures/lift_6.png Graphic file (type png)

<use ch4_figures/lift_6.png>
Package pdftex.def Info: ch4_figures/lift_6.png used on input line 357.
(pdftex.def)             Requested size: 46.97836pt x 32.80489pt.

<ch4_figures/lift_7.png, id=1117, 179.67125pt x 125.46875pt>
File: ch4_figures/lift_7.png Graphic file (type png)

<use ch4_figures/lift_7.png>
Package pdftex.def Info: ch4_figures/lift_7.png used on input line 361.
(pdftex.def)             Requested size: 46.97836pt x 32.80489pt.

<ch4_figures/lift_8.png, id=1118, 179.67125pt x 125.46875pt>
File: ch4_figures/lift_8.png Graphic file (type png)

<use ch4_figures/lift_8.png>
Package pdftex.def Info: ch4_figures/lift_8.png used on input line 365.
(pdftex.def)             Requested size: 46.97836pt x 32.80489pt.
 [69 <./ch4_figures/lift_1.png> <./ch4_figures/lift_2.png> <./ch4_figures/lift_
3.png> <./ch4_figures/lift_4.png> <./ch4_figures/lift_5.png> <./ch4_figures/lif
t_6.png> <./ch4_figures/lift_7.png> <./ch4_figures/lift_8.png>]
Package hyperref Info: bookmark level for unknown algorithm defaults to 0 on in
put line 435.
 [70] [71]
Underfull \vbox (badness 2293) has occurred while \output is active []

 [72]

LaTeX Warning: `h' float specifier changed to `ht'.


Underfull \vbox (badness 4254) has occurred while \output is active []

 [73]
Underfull \vbox (badness 10000) has occurred while \output is active []

 [74]

LaTeX Font Warning: Command \small invalid in math mode on input line 630.

[75]
Underfull \vbox (badness 10000) has occurred while \output is active []

 [76]
Underfull \vbox (badness 10000) has occurred while \output is active []

 [77]
<ch4_figures/bio-celegansneural_errors_H_1.pdf, id=1224, 292.70255pt x 255.3389
4pt>
File: ch4_figures/bio-celegansneural_errors_H_1.pdf Graphic file (type pdf)
 <use ch4_figures/bio-celegansneural_errors_H_1.pdf>
Package pdftex.def Info: ch4_figures/bio-celegansneural_errors_H_1.pdf used on 
input line 820.
(pdftex.def)             Requested size: 108.04164pt x 94.25183pt.

<ch4_figures/bio-celegansneural_errors_H_2.pdf, id=1225, 292.70255pt x 255.3369
3pt>
File: ch4_figures/bio-celegansneural_errors_H_2.pdf Graphic file (type pdf)
 <use ch4_figures/bio-celegansneural_errors_H_2.pdf>
Package pdftex.def Info: ch4_figures/bio-celegansneural_errors_H_2.pdf used on 
input line 823.
(pdftex.def)             Requested size: 108.04164pt x 94.2511pt.

<ch4_figures/ia-email-univ_errors_H_1.pdf, id=1226, 292.70255pt x 255.33894pt>
File: ch4_figures/ia-email-univ_errors_H_1.pdf Graphic file (type pdf)

<use ch4_figures/ia-email-univ_errors_H_1.pdf>
Package pdftex.def Info: ch4_figures/ia-email-univ_errors_H_1.pdf used on input
 line 826.
(pdftex.def)             Requested size: 108.04164pt x 94.25183pt.

<ch4_figures/ia-email-univ_errors_H_2.pdf, id=1227, 292.70255pt x 255.33693pt>
File: ch4_figures/ia-email-univ_errors_H_2.pdf Graphic file (type pdf)

<use ch4_figures/ia-email-univ_errors_H_2.pdf>
Package pdftex.def Info: ch4_figures/ia-email-univ_errors_H_2.pdf used on input
 line 829.
(pdftex.def)             Requested size: 108.04164pt x 94.2511pt.

<ch4_figures/misc-polblogs_errors_H_1.pdf, id=1228, 292.70255pt x 255.33894pt>
File: ch4_figures/misc-polblogs_errors_H_1.pdf Graphic file (type pdf)

<use ch4_figures/misc-polblogs_errors_H_1.pdf>
Package pdftex.def Info: ch4_figures/misc-polblogs_errors_H_1.pdf used on input
 line 835.
(pdftex.def)             Requested size: 108.04164pt x 94.25183pt.

<ch4_figures/misc-polblogs_errors_H_2.pdf, id=1229, 292.70255pt x 255.33693pt>
File: ch4_figures/misc-polblogs_errors_H_2.pdf Graphic file (type pdf)

<use ch4_figures/misc-polblogs_errors_H_2.pdf>
Package pdftex.def Info: ch4_figures/misc-polblogs_errors_H_2.pdf used on input
 line 838.
(pdftex.def)             Requested size: 108.04164pt x 94.2511pt.

<ch4_figures/misc-as-caida_errors_H_1.pdf, id=1230, 292.70255pt x 255.33693pt>
File: ch4_figures/misc-as-caida_errors_H_1.pdf Graphic file (type pdf)

<use ch4_figures/misc-as-caida_errors_H_1.pdf>
Package pdftex.def Info: ch4_figures/misc-as-caida_errors_H_1.pdf used on input
 line 841.
(pdftex.def)             Requested size: 108.04164pt x 94.2511pt.

<ch4_figures/misc-as-caida_errors_H_2.pdf, id=1231, 287.70285pt x 255.33894pt>
File: ch4_figures/misc-as-caida_errors_H_2.pdf Graphic file (type pdf)

<use ch4_figures/misc-as-caida_errors_H_2.pdf>
Package pdftex.def Info: ch4_figures/misc-as-caida_errors_H_2.pdf used on input
 line 844.
(pdftex.def)             Requested size: 108.04164pt x 95.88821pt.

<ch4_figures/misc-fullb_errors_H_1.pdf, id=1232, 292.70255pt x 255.33894pt>
File: ch4_figures/misc-fullb_errors_H_1.pdf Graphic file (type pdf)

<use ch4_figures/misc-fullb_errors_H_1.pdf>
Package pdftex.def Info: ch4_figures/misc-fullb_errors_H_1.pdf used on input li
ne 850.
(pdftex.def)             Requested size: 108.04164pt x 94.25183pt.

<ch4_figures/misc-fullb_errors_H_2.pdf, id=1233, 287.70285pt x 255.33392pt>
File: ch4_figures/misc-fullb_errors_H_2.pdf Graphic file (type pdf)

<use ch4_figures/misc-fullb_errors_H_2.pdf>
Package pdftex.def Info: ch4_figures/misc-fullb_errors_H_2.pdf used on input li
ne 853.
(pdftex.def)             Requested size: 108.04164pt x 95.88634pt.

<ch4_figures/bio-celegansneural_H_1.pdf, id=1234, 286.31366pt x 253.39267pt>
File: ch4_figures/bio-celegansneural_H_1.pdf Graphic file (type pdf)

<use ch4_figures/bio-celegansneural_H_1.pdf>
Package pdftex.def Info: ch4_figures/bio-celegansneural_H_1.pdf used on input l
ine 863.
(pdftex.def)             Requested size: 108.04164pt x 95.61743pt.

<ch4_figures/bio-celegansneural_H_2.pdf, id=1235, 286.31366pt x 253.39368pt>
File: ch4_figures/bio-celegansneural_H_2.pdf Graphic file (type pdf)

<use ch4_figures/bio-celegansneural_H_2.pdf>
Package pdftex.def Info: ch4_figures/bio-celegansneural_H_2.pdf used on input l
ine 866.
(pdftex.def)             Requested size: 108.04164pt x 95.61783pt.

<ch4_figures/ia-email-univ_H_1.pdf, id=1236, 286.31366pt x 253.38666pt>
File: ch4_figures/ia-email-univ_H_1.pdf Graphic file (type pdf)

<use ch4_figures/ia-email-univ_H_1.pdf>
Package pdftex.def Info: ch4_figures/ia-email-univ_H_1.pdf used on input line 8
69.
(pdftex.def)             Requested size: 108.04164pt x 95.61517pt.

<ch4_figures/ia-email-univ_H_2.pdf, id=1237, 286.31366pt x 253.38666pt>
File: ch4_figures/ia-email-univ_H_2.pdf Graphic file (type pdf)

<use ch4_figures/ia-email-univ_H_2.pdf>
Package pdftex.def Info: ch4_figures/ia-email-univ_H_2.pdf used on input line 8
72.
(pdftex.def)             Requested size: 108.04164pt x 95.61517pt.

<ch4_figures/misc-polblogs_H_1.pdf, id=1238, 286.31366pt x 253.39267pt>
File: ch4_figures/misc-polblogs_H_1.pdf Graphic file (type pdf)

<use ch4_figures/misc-polblogs_H_1.pdf>
Package pdftex.def Info: ch4_figures/misc-polblogs_H_1.pdf used on input line 8
78.
(pdftex.def)             Requested size: 108.04164pt x 95.61743pt.

<ch4_figures/misc-polblogs_H_2.pdf, id=1239, 286.31366pt x 253.38666pt>
File: ch4_figures/misc-polblogs_H_2.pdf Graphic file (type pdf)

<use ch4_figures/misc-polblogs_H_2.pdf>
Package pdftex.def Info: ch4_figures/misc-polblogs_H_2.pdf used on input line 8
81.
(pdftex.def)             Requested size: 108.04164pt x 95.61517pt.

<ch4_figures/misc-as-caida_H_1.pdf, id=1240, 281.31398pt x 253.38765pt>
File: ch4_figures/misc-as-caida_H_1.pdf Graphic file (type pdf)

<use ch4_figures/misc-as-caida_H_1.pdf>
Package pdftex.def Info: ch4_figures/misc-as-caida_H_1.pdf used on input line 8
84.
(pdftex.def)             Requested size: 108.04164pt x 97.3129pt.

<ch4_figures/misc-as-caida_H_2.pdf, id=1241, 286.31366pt x 253.38666pt>
File: ch4_figures/misc-as-caida_H_2.pdf Graphic file (type pdf)

<use ch4_figures/misc-as-caida_H_2.pdf>
Package pdftex.def Info: ch4_figures/misc-as-caida_H_2.pdf used on input line 8
87.
(pdftex.def)             Requested size: 108.04164pt x 95.61517pt.

<ch4_figures/misc-fullb_H_1.pdf, id=1242, 286.31366pt x 253.38666pt>
File: ch4_figures/misc-fullb_H_1.pdf Graphic file (type pdf)

<use ch4_figures/misc-fullb_H_1.pdf>
Package pdftex.def Info: ch4_figures/misc-fullb_H_1.pdf used on input line 893.

(pdftex.def)             Requested size: 108.04164pt x 95.61517pt.

<ch4_figures/misc-fullb_H_2.pdf, id=1243, 291.31335pt x 253.39267pt>
File: ch4_figures/misc-fullb_H_2.pdf Graphic file (type pdf)

<use ch4_figures/misc-fullb_H_2.pdf>
Package pdftex.def Info: ch4_figures/misc-fullb_H_2.pdf used on input line 896.

(pdftex.def)             Requested size: 108.04164pt x 93.9742pt.
 [78]
Underfull \vbox (badness 1655) has occurred while \output is active []

 [79 <./ch4_figures/bio-celegansneural_errors_H_1.pdf> <./ch4_figures/bio-celeg
ansneural_errors_H_2.pdf> <./ch4_figures/ia-email-univ_errors_H_1.pdf> <./ch4_f
igures/ia-email-univ_errors_H_2.pdf> <./ch4_figures/misc-polblogs_errors_H_1.pd
f> <./ch4_figures/misc-polblogs_errors_H_2.pdf> <./ch4_figures/misc-as-caida_er
rors_H_1.pdf> <./ch4_figures/misc-as-caida_errors_H_2.pdf> <./ch4_figures/misc-
fullb_errors_H_1.pdf> <./ch4_figures/misc-fullb_errors_H_2.pdf>] [80 <./ch4_fig
ures/bio-celegansneural_H_1.pdf> <./ch4_figures/bio-celegansneural_H_2.pdf> <./
ch4_figures/ia-email-univ_H_1.pdf> <./ch4_figures/ia-email-univ_H_2.pdf> <./ch4
_figures/misc-polblogs_H_1.pdf> <./ch4_figures/misc-polblogs_H_2.pdf> <./ch4_fi
gures/misc-as-caida_H_1.pdf> <./ch4_figures/misc-as-caida_H_2.pdf> <./ch4_figur
es/misc-fullb_H_1.pdf> <./ch4_figures/misc-fullb_H_2.pdf>] [81] [82])
Underfull \vbox (badness 1028) has occurred while \output is active []

 [83]
[84]
Appendix A
(./AppendixAFileName.tex) [85


] (./Dissertation.bbl
Bibliography

Underfull \vbox (badness 10000) has occurred while \output is active []

 [86




]
Underfull \vbox (badness 10000) has occurred while \output is active []

 [87]
Underfull \vbox (badness 10000) has occurred while \output is active []

 [88])
[89]
Package atveryend Info: Empty hook `BeforeClearDocument' on input line 119.
Package atveryend Info: Empty hook `AfterLastShipout' on input line 119.
 (./Dissertation.aux)
Package atveryend Info: Executing hook `AtVeryEndDocument' on input line 119.
Package atveryend Info: Executing hook `AtEndAfterFileList' on input line 119.
Package rerunfilecheck Info: File `Dissertation.out' has not changed.
(rerunfilecheck)             Checksum: 7787E7D6406339754B0808805B9AB6C7;2287.


LaTeX Warning: There were undefined references.


LaTeX Warning: There were multiply-defined labels.

Package atveryend Info: Empty hook `AtVeryVeryEnd' on input line 119.
 ) 
Here is how much of TeX's memory you used:
 22903 strings out of 493014
 399950 string characters out of 6133351
 575719 words of memory out of 5000000
 25255 multiletter control sequences out of 15000+600000
 71350 words of font info for 193 fonts, out of 8000000 for 9000
 1302 hyphenation exceptions out of 8191
 57i,14n,55p,723b,1864s stack positions out of 5000i,500n,10000p,200000b,80000s
{/usr/local/texlive/2016/texmf-dist/fonts/enc/dvips/base/8r.enc}</usr/local/t
exlive/2016/texmf-dist/fonts/type1/public/amsfonts/cm/cmbx10.pfb></usr/local/te
xlive/2016/texmf-dist/fonts/type1/public/amsfonts/cm/cmmi10.pfb></usr/local/tex
live/2016/texmf-dist/fonts/type1/public/amsfonts/cm/cmr10.pfb></usr/local/texli
ve/2016/texmf-dist/fonts/type1/public/amsfonts/cm/cmr7.pfb></usr/local/texlive/
2016/texmf-dist/fonts/type1/public/amsfonts/cm/cmsy7.pfb></usr/local/texlive/20
16/texmf-dist/fonts/type1/public/doublestroke/dsrom10.pfb></usr/local/texlive/2
016/texmf-dist/fonts/type1/public/doublestroke/dsrom8.pfb></usr/local/texlive/2
016/texmf-dist/fonts/type1/public/txfonts/rtxi.pfb></usr/local/texlive/2016/tex
mf-dist/fonts/type1/public/txfonts/rtxmi.pfb></usr/local/texlive/2016/texmf-dis
t/fonts/type1/public/txfonts/rtxr.pfb></usr/local/texlive/2016/texmf-dist/fonts
/type1/public/txfonts/rtxsc.pfb></usr/local/texlive/2016/texmf-dist/fonts/type1
/public/txfonts/txex.pfb></usr/local/texlive/2016/texmf-dist/fonts/type1/public
/txfonts/txsy.pfb></usr/local/texlive/2016/texmf-dist/fonts/type1/public/txfont
s/txsya.pfb></usr/local/texlive/2016/texmf-dist/fonts/type1/public/txfonts/txsy
b.pfb></usr/local/texlive/2016/texmf-dist/fonts/type1/public/txfonts/txsyc.pfb>
</usr/local/texlive/2016/texmf-dist/fonts/type1/public/txfonts/txtt.pfb></usr/l
ocal/texlive/2016/texmf-dist/fonts/type1/urw/times/utmb8a.pfb></usr/local/texli
ve/2016/texmf-dist/fonts/type1/urw/times/utmbi8a.pfb></usr/local/texlive/2016/t
exmf-dist/fonts/type1/urw/times/utmr8a.pfb></usr/local/texlive/2016/texmf-dist/
fonts/type1/urw/times/utmri8a.pfb>
Output written on Dissertation.pdf (96 pages, 1210141 bytes).
PDF statistics:
 1759 PDF objects out of 2073 (max. 8388607)
 1563 compressed objects within 16 object streams
 475 named destinations out of 1000 (max. 500000)
 472 words of extra memory for PDF output out of 10000 (max. 10000000)

